#
# There is insufficient memory for the Java Runtime Environment to continue.
# Native memory allocation (mmap) failed to map 1048576 bytes for G1 virtual space
# Possible reasons:
#   The system is out of physical RAM or swap space
#   The process is running with CompressedOops enabled, and the Java Heap may be blocking the growth of the native heap
# Possible solutions:
#   Reduce memory load on the system
#   Increase physical memory or swap space
#   Check if swap backing store is full
#   Decrease Java heap size (-Xmx/-Xms)
#   Decrease number of Java threads
#   Decrease Java thread stack sizes (-Xss)
#   Set larger code cache with -XX:ReservedCodeCacheSize=
#   JVM is running with Unscaled Compressed Oops mode in which the Java heap is
#     placed in the first 4GB address space. The Java Heap base address is the
#     maximum limit for the native heap growth. Please use -XX:HeapBaseMinAddress
#     to set the Java Heap base and to place the Java Heap above 4GB virtual address.
# This output file may be truncated or incomplete.
#
#  Out of Memory Error (os_windows.cpp:3550), pid=8244, tid=9304
#
# JRE version: Java(TM) SE Runtime Environment (17.0.7+8) (build 17.0.7+8-LTS-224)
# Java VM: Java HotSpot(TM) 64-Bit Server VM (17.0.7+8-LTS-224, mixed mode, sharing, tiered, compressed oops, compressed class ptrs, g1 gc, windows-amd64)
# No core dump will be written. Minidumps are not enabled by default on client versions of Windows
#

---------------  S U M M A R Y ------------

Command Line: --module-path=C:/Program Files/Java/javafx-sdk-17.0.7/lib --add-modules=javafx.controls,javafx.fxml -XX:+ShowCodeDetailsInExceptionMessages App

Host: Intel(R) Core(TM) i5-7200U CPU @ 2.50GHz, 4 cores, 7G,  Windows 10 , 64 bit Build 19041 (10.0.19041.3031)
Time: Tue Jul  4 07:58:09 2023 Sri Lanka Standard Time elapsed time: 3.316306 seconds (0d 0h 0m 3s)

---------------  T H R E A D  ---------------

Current thread (0x000001dad02143b0):  JavaThread "JavaFX Application Thread" [_thread_in_vm, id=9304, stack(0x00000089c3500000,0x00000089c3600000)]

Stack: [0x00000089c3500000,0x00000089c3600000]
Native frames: (J=compiled Java code, j=interpreted, Vv=VM code, C=native code)
V  [jvm.dll+0x676a4a]
V  [jvm.dll+0x7d74f4]
V  [jvm.dll+0x7d8c9e]
V  [jvm.dll+0x7d9303]
V  [jvm.dll+0x2452c5]
V  [jvm.dll+0x6738f9]
V  [jvm.dll+0x668232]
V  [jvm.dll+0x302826]
V  [jvm.dll+0x309da6]
V  [jvm.dll+0x35920b]
V  [jvm.dll+0x359844]
V  [jvm.dll+0x3593f6]
V  [jvm.dll+0x2d9f84]
V  [jvm.dll+0x2d5fd6]
V  [jvm.dll+0x60b493]
V  [jvm.dll+0x20f7f5]
V  [jvm.dll+0x7a1476]
V  [jvm.dll+0x37f56a]
C  0x000001dac06db90d

Java frames: (J=compiled Java code, j=interpreted, Vv=VM code)
j  com.sun.javafx.iio.jpeg.JPEGImageLoader.load(IIIZZ)Lcom/sun/javafx/iio/ImageFrame;+184 javafx.graphics
j  com.sun.javafx.iio.ImageStorage.loadAll(Lcom/sun/javafx/iio/ImageLoader;DDZFZ)[Lcom/sun/javafx/iio/ImageFrame;+54 javafx.graphics
j  com.sun.javafx.iio.ImageStorage.loadAll(Ljava/lang/String;Lcom/sun/javafx/iio/ImageLoadListener;DDZFZ)[Lcom/sun/javafx/iio/ImageFrame;+215 javafx.graphics
j  com.sun.javafx.tk.quantum.PrismImageLoader2.loadAll(Ljava/lang/String;DDZFZ)V+22 javafx.graphics
j  com.sun.javafx.tk.quantum.PrismImageLoader2.<init>(Ljava/lang/String;DDZFZ)V+15 javafx.graphics
j  com.sun.javafx.tk.quantum.QuantumToolkit.loadImage(Ljava/lang/String;DDZZ)Lcom/sun/javafx/tk/ImageLoader;+16 javafx.graphics
j  javafx.scene.image.Image.loadImage(Ljava/lang/String;DDZZ)Lcom/sun/javafx/tk/ImageLoader;+10 javafx.graphics
j  javafx.scene.image.Image.initialize(Ljava/lang/Object;)V+92 javafx.graphics
j  javafx.scene.image.Image.<init>(Ljava/lang/String;DDZZZ)V+20 javafx.graphics
j  com.sun.javafx.fxml.builder.JavaFXImageBuilder.build()Ljavafx/scene/image/Image;+28 javafx.fxml
j  com.sun.javafx.fxml.builder.JavaFXImageBuilder.build()Ljava/lang/Object;+1 javafx.fxml
j  javafx.fxml.FXMLLoader$ValueElement.processEndElement()V+24 javafx.fxml
j  javafx.fxml.FXMLLoader.processEndElement()V+4 javafx.fxml
j  javafx.fxml.FXMLLoader.loadImpl(Ljava/io/InputStream;Ljava/lang/Class;)Ljava/lang/Object;+214 javafx.fxml
j  javafx.fxml.FXMLLoader.loadImpl(Ljava/lang/Class;)Ljava/lang/Object;+31 javafx.fxml
j  javafx.fxml.FXMLLoader.loadImpl(Ljava/net/URL;Ljava/util/ResourceBundle;Ljavafx/util/BuilderFactory;Ljavafx/util/Callback;Ljava/nio/charset/Charset;Ljava/lang/Class;)Ljava/lang/Object;+34 javafx.fxml
j  javafx.fxml.FXMLLoader.loadImpl(Ljava/net/URL;Ljava/util/ResourceBundle;Ljavafx/util/BuilderFactory;Ljavafx/util/Callback;Ljava/lang/Class;)Ljava/lang/Object;+11 javafx.fxml
j  javafx.fxml.FXMLLoader.loadImpl(Ljava/net/URL;Ljava/util/ResourceBundle;Ljavafx/util/BuilderFactory;Ljava/lang/Class;)Ljava/lang/Object;+5 javafx.fxml
j  javafx.fxml.FXMLLoader.loadImpl(Ljava/net/URL;Ljava/util/ResourceBundle;Ljava/lang/Class;)Ljava/lang/Object;+4 javafx.fxml
j  javafx.fxml.FXMLLoader.loadImpl(Ljava/net/URL;Ljava/lang/Class;)Ljava/lang/Object;+3 javafx.fxml
j  javafx.fxml.FXMLLoader.load(Ljava/net/URL;)Ljava/lang/Object;+17 javafx.fxml
j  controller.MainController.btnOrderOnAction(Ljavafx/event/ActionEvent;)V+22
v  ~StubRoutines::call_stub
j  jdk.internal.reflect.NativeMethodAccessorImpl.invoke0(Ljava/lang/reflect/Method;Ljava/lang/Object;[Ljava/lang/Object;)Ljava/lang/Object;+0 java.base@17.0.7
j  jdk.internal.reflect.NativeMethodAccessorImpl.invoke(Ljava/lang/Object;[Ljava/lang/Object;)Ljava/lang/Object;+133 java.base@17.0.7
J 1194 c1 jdk.internal.reflect.DelegatingMethodAccessorImpl.invoke(Ljava/lang/Object;[Ljava/lang/Object;)Ljava/lang/Object; java.base@17.0.7 (10 bytes) @ 0x000001dab9374b44 [0x000001dab9374a40+0x0000000000000104]
J 1193 c1 java.lang.reflect.Method.invoke(Ljava/lang/Object;[Ljava/lang/Object;)Ljava/lang/Object; java.base@17.0.7 (65 bytes) @ 0x000001dab9373644 [0x000001dab9373300+0x0000000000000344]
j  com.sun.javafx.reflect.Trampoline.invoke(Ljava/lang/reflect/Method;Ljava/lang/Object;[Ljava/lang/Object;)Ljava/lang/Object;+7
j  jdk.internal.reflect.GeneratedMethodAccessor2.invoke(Ljava/lang/Object;[Ljava/lang/Object;)Ljava/lang/Object;+40
J 1194 c1 jdk.internal.reflect.DelegatingMethodAccessorImpl.invoke(Ljava/lang/Object;[Ljava/lang/Object;)Ljava/lang/Object; java.base@17.0.7 (10 bytes) @ 0x000001dab9374b44 [0x000001dab9374a40+0x0000000000000104]
J 1193 c1 java.lang.reflect.Method.invoke(Ljava/lang/Object;[Ljava/lang/Object;)Ljava/lang/Object; java.base@17.0.7 (65 bytes) @ 0x000001dab9373644 [0x000001dab9373300+0x0000000000000344]
j  com.sun.javafx.reflect.MethodUtil.invoke(Ljava/lang/reflect/Method;Ljava/lang/Object;[Ljava/lang/Object;)Ljava/lang/Object;+20 javafx.base
j  com.sun.javafx.fxml.MethodHelper.invoke(Ljava/lang/reflect/Method;Ljava/lang/Object;[Ljava/lang/Object;)Ljava/lang/Object;+142 javafx.fxml
j  javafx.fxml.FXMLLoader$MethodHandler.invoke([Ljava/lang/Object;)V+19 javafx.fxml
j  javafx.fxml.FXMLLoader$ControllerMethodEventHandler.handle(Ljavafx/event/Event;)V+12 javafx.fxml
j  com.sun.javafx.event.CompositeEventHandler.dispatchBubblingEvent(Ljavafx/event/Event;)V+51 javafx.base
J 1630 c1 com.sun.javafx.event.EventHandlerManager.dispatchBubblingEvent(Ljavafx/event/EventType;Ljavafx/event/Event;)Ljavafx/event/Event; javafx.base (41 bytes) @ 0x000001dab944e09c [0x000001dab944da80+0x000000000000061c]
j  com.sun.javafx.event.EventHandlerManager.dispatchBubblingEvent(Ljavafx/event/Event;)Ljavafx/event/Event;+8 javafx.base
j  com.sun.javafx.event.CompositeEventDispatcher.dispatchBubblingEvent(Ljavafx/event/Event;)Ljavafx/event/Event;+11 javafx.base
j  com.sun.javafx.event.BasicEventDispatcher.dispatchEvent(Ljavafx/event/Event;Ljavafx/event/EventDispatchChain;)Ljavafx/event/Event;+29 javafx.base
j  com.sun.javafx.event.EventDispatchChainImpl.dispatchEvent(Ljavafx/event/Event;)Ljavafx/event/Event;+69 javafx.base
j  com.sun.javafx.event.BasicEventDispatcher.dispatchEvent(Ljavafx/event/Event;Ljavafx/event/EventDispatchChain;)Ljavafx/event/Event;+17 javafx.base
j  com.sun.javafx.event.EventDispatchChainImpl.dispatchEvent(Ljavafx/event/Event;)Ljavafx/event/Event;+69 javafx.base
j  com.sun.javafx.event.BasicEventDispatcher.dispatchEvent(Ljavafx/event/Event;Ljavafx/event/EventDispatchChain;)Ljavafx/event/Event;+17 javafx.base
j  com.sun.javafx.event.EventDispatchChainImpl.dispatchEvent(Ljavafx/event/Event;)Ljavafx/event/Event;+69 javafx.base
j  com.sun.javafx.event.EventUtil.fireEventImpl(Ljavafx/event/EventDispatchChain;Ljavafx/event/EventTarget;Ljavafx/event/Event;)Ljavafx/event/Event;+10 javafx.base
j  com.sun.javafx.event.EventUtil.fireEvent(Ljavafx/event/EventTarget;Ljavafx/event/Event;)Ljavafx/event/Event;+37 javafx.base
j  javafx.event.Event.fireEvent(Ljavafx/event/EventTarget;Ljavafx/event/Event;)V+30 javafx.base
j  javafx.scene.Node.fireEvent(Ljavafx/event/Event;)V+86 javafx.graphics
j  javafx.scene.control.Button.fire()V+15 javafx.controls
j  com.sun.javafx.scene.control.behavior.ButtonBehavior.mouseReleased(Ljavafx/scene/input/MouseEvent;)V+27 javafx.controls
j  com.sun.javafx.scene.control.behavior.ButtonBehavior$$Lambda$278+0x0000000800db62f8.handle(Ljavafx/event/Event;)V+8 javafx.controls
j  com.sun.javafx.scene.control.inputmap.InputMap.handle(Ljavafx/event/Event;)V+61 javafx.controls
j  com.sun.javafx.scene.control.inputmap.InputMap$$Lambda$273+0x0000000800db5628.handle(Ljavafx/event/Event;)V+5 javafx.controls
j  com.sun.javafx.event.CompositeEventHandler$NormalEventHandlerRecord.handleBubblingEvent(Ljavafx/event/Event;)V+5 javafx.base
j  com.sun.javafx.event.CompositeEventHandler.dispatchBubblingEvent(Ljavafx/event/Event;)V+28 javafx.base
J 1630 c1 com.sun.javafx.event.EventHandlerManager.dispatchBubblingEvent(Ljavafx/event/EventType;Ljavafx/event/Event;)Ljavafx/event/Event; javafx.base (41 bytes) @ 0x000001dab944e09c [0x000001dab944da80+0x000000000000061c]
j  com.sun.javafx.event.EventHandlerManager.dispatchBubblingEvent(Ljavafx/event/Event;)Ljavafx/event/Event;+8 javafx.base
j  com.sun.javafx.event.CompositeEventDispatcher.dispatchBubblingEvent(Ljavafx/event/Event;)Ljavafx/event/Event;+11 javafx.base
j  com.sun.javafx.event.BasicEventDispatcher.dispatchEvent(Ljavafx/event/Event;Ljavafx/event/EventDispatchChain;)Ljavafx/event/Event;+29 javafx.base
j  com.sun.javafx.event.EventDispatchChainImpl.dispatchEvent(Ljavafx/event/Event;)Ljavafx/event/Event;+69 javafx.base
j  com.sun.javafx.event.BasicEventDispatcher.dispatchEvent(Ljavafx/event/Event;Ljavafx/event/EventDispatchChain;)Ljavafx/event/Event;+17 javafx.base
j  com.sun.javafx.event.EventDispatchChainImpl.dispatchEvent(Ljavafx/event/Event;)Ljavafx/event/Event;+69 javafx.base
j  com.sun.javafx.event.BasicEventDispatcher.dispatchEvent(Ljavafx/event/Event;Ljavafx/event/EventDispatchChain;)Ljavafx/event/Event;+17 javafx.base
j  com.sun.javafx.event.EventDispatchChainImpl.dispatchEvent(Ljavafx/event/Event;)Ljavafx/event/Event;+69 javafx.base
j  com.sun.javafx.event.EventUtil.fireEventImpl(Ljavafx/event/EventDispatchChain;Ljavafx/event/EventTarget;Ljavafx/event/Event;)Ljavafx/event/Event;+10 javafx.base
j  com.sun.javafx.event.EventUtil.fireEvent(Ljavafx/event/EventTarget;Ljavafx/event/Event;)Ljavafx/event/Event;+46 javafx.base
j  javafx.event.Event.fireEvent(Ljavafx/event/EventTarget;Ljavafx/event/Event;)V+30 javafx.base
j  javafx.scene.Scene$MouseHandler.process(Ljavafx/scene/input/MouseEvent;Z)V+536 javafx.graphics
j  javafx.scene.Scene.processMouseEvent(Ljavafx/scene/input/MouseEvent;)V+6 javafx.graphics
j  javafx.scene.Scene$ScenePeerListener.mouseEvent(Ljavafx/event/EventType;DDDDLjavafx/scene/input/MouseButton;ZZZZZZZZZZZ)V+50 javafx.graphics
j  com.sun.javafx.tk.quantum.GlassViewEventHandler$MouseEventNotification.run()Ljava/lang/Void;+650 javafx.graphics
j  com.sun.javafx.tk.quantum.GlassViewEventHandler$MouseEventNotification.run()Ljava/lang/Object;+1 javafx.graphics
J 898 c1 java.security.AccessController.executePrivileged(Ljava/security/PrivilegedAction;Ljava/security/AccessControlContext;Ljava/lang/Class;)Ljava/lang/Object; java.base@17.0.7 (65 bytes) @ 0x000001dab92e55bc [0x000001dab92e5460+0x000000000000015c]
j  java.security.AccessController.doPrivileged(Ljava/security/PrivilegedAction;Ljava/security/AccessControlContext;)Ljava/lang/Object;+13 java.base@17.0.7
j  com.sun.javafx.tk.quantum.GlassViewEventHandler.lambda$handleMouseEvent$2()Ljava/lang/Void;+11 javafx.graphics
j  com.sun.javafx.tk.quantum.GlassViewEventHandler$$Lambda$339+0x0000000800e14a10.get()Ljava/lang/Object;+4 javafx.graphics
j  com.sun.javafx.tk.quantum.QuantumToolkit.runWithoutRenderLock(Ljava/util/function/Supplier;)Ljava/lang/Object;+18 javafx.graphics
j  com.sun.javafx.tk.quantum.GlassViewEventHandler.handleMouseEvent(Lcom/sun/glass/ui/View;JIIIIIIIZZ)V+103 javafx.graphics
j  com.sun.glass.ui.View.handleMouseEvent(JIIIIIIIZZ)V+30 javafx.graphics
j  com.sun.glass.ui.View.notifyMouse(IIIIIIIZZ)V+181 javafx.graphics
v  ~StubRoutines::call_stub
j  com.sun.glass.ui.win.WinApplication._runLoop(Ljava/lang/Runnable;)V+0 javafx.graphics
j  com.sun.glass.ui.win.WinApplication.lambda$runLoop$3(ILjava/lang/Runnable;)V+8 javafx.graphics
j  com.sun.glass.ui.win.WinApplication$$Lambda$85+0x0000000800c2c288.run()V+12 javafx.graphics
j  java.lang.Thread.run()V+11 java.base@17.0.7
v  ~StubRoutines::call_stub

---------------  P R O C E S S  ---------------

Threads class SMR info:
_java_thread_list=0x000001dad5df29e0, length=19, elements={
0x000001dab18ff4e0, 0x000001dacf185810, 0x000001dacf186680, 0x000001dacf19b930,
0x000001dacf19d400, 0x000001dacf19fec0, 0x000001dacf1a0870, 0x000001dacf1a4b00,
0x000001dacf1ad5b0, 0x000001dacf1b0790, 0x000001dacf172870, 0x000001dacfdea640,
0x000001dacfd34bb0, 0x000001dad029a2b0, 0x000001dad02143b0, 0x000001dad052beb0,
0x000001dad05047b0, 0x000001dad5c242f0, 0x000001dad0504c80
}

Java Threads: ( => current thread )
  0x000001dab18ff4e0 JavaThread "main" [_thread_blocked, id=3340, stack(0x00000089c1f00000,0x00000089c2000000)]
  0x000001dacf185810 JavaThread "Reference Handler" daemon [_thread_blocked, id=4100, stack(0x00000089c2600000,0x00000089c2700000)]
  0x000001dacf186680 JavaThread "Finalizer" daemon [_thread_blocked, id=11160, stack(0x00000089c2700000,0x00000089c2800000)]
  0x000001dacf19b930 JavaThread "Signal Dispatcher" daemon [_thread_blocked, id=1844, stack(0x00000089c2800000,0x00000089c2900000)]
  0x000001dacf19d400 JavaThread "Attach Listener" daemon [_thread_blocked, id=5968, stack(0x00000089c2900000,0x00000089c2a00000)]
  0x000001dacf19fec0 JavaThread "Service Thread" daemon [_thread_blocked, id=10864, stack(0x00000089c2a00000,0x00000089c2b00000)]
  0x000001dacf1a0870 JavaThread "Monitor Deflation Thread" daemon [_thread_blocked, id=12176, stack(0x00000089c2b00000,0x00000089c2c00000)]
  0x000001dacf1a4b00 JavaThread "C2 CompilerThread0" daemon [_thread_blocked, id=2696, stack(0x00000089c2c00000,0x00000089c2d00000)]
  0x000001dacf1ad5b0 JavaThread "C1 CompilerThread0" daemon [_thread_blocked, id=7984, stack(0x00000089c2d00000,0x00000089c2e00000)]
  0x000001dacf1b0790 JavaThread "Sweeper thread" daemon [_thread_blocked, id=10032, stack(0x00000089c2e00000,0x00000089c2f00000)]
  0x000001dacf172870 JavaThread "Common-Cleaner" daemon [_thread_blocked, id=11656, stack(0x00000089c2f00000,0x00000089c3000000)]
  0x000001dacfdea640 JavaThread "Notification Thread" daemon [_thread_blocked, id=10912, stack(0x00000089c3100000,0x00000089c3200000)]
  0x000001dacfd34bb0 JavaThread "QuantumRenderer-0" daemon [_thread_blocked, id=10640, stack(0x00000089c3300000,0x00000089c3400000)]
  0x000001dad029a2b0 JavaThread "InvokeLaterDispatcher" daemon [_thread_blocked, id=11928, stack(0x00000089c3400000,0x00000089c3500000)]
=>0x000001dad02143b0 JavaThread "JavaFX Application Thread" [_thread_in_vm, id=9304, stack(0x00000089c3500000,0x00000089c3600000)]
  0x000001dad052beb0 JavaThread "JavaFX-Launcher" [_thread_blocked, id=1600, stack(0x00000089c3d00000,0x00000089c3e00000)]
  0x000001dad05047b0 JavaThread "Thread-2" daemon [_thread_in_native, id=268, stack(0x00000089c3c00000,0x00000089c3d00000)]
  0x000001dad5c242f0 JavaThread "Prism Font Disposer" daemon [_thread_blocked, id=7264, stack(0x00000089c4000000,0x00000089c4100000)]
  0x000001dad0504c80 JavaThread "Cleaner-0" daemon [_thread_blocked, id=12576, stack(0x00000089c4100000,0x00000089c4200000)]

Other Threads:
  0x000001dacf180c10 VMThread "VM Thread" [stack: 0x00000089c2500000,0x00000089c2600000] [id=9584]
  0x000001dab1972a60 WatcherThread [stack: 0x00000089c3200000,0x00000089c3300000] [id=8216]
  0x000001dab1958660 GCTaskThread "GC Thread#0" [stack: 0x00000089c2000000,0x00000089c2100000] [id=4136]
  0x000001dad04f8fb0 GCTaskThread "GC Thread#1" [stack: 0x00000089c3900000,0x00000089c3a00000] [id=2408]
  0x000001dad0527bf0 GCTaskThread "GC Thread#2" [stack: 0x00000089c3a00000,0x00000089c3b00000] [id=2688]
  0x000001dad05278f0 GCTaskThread "GC Thread#3" [stack: 0x00000089c3b00000,0x00000089c3c00000] [id=3876]
  0x000001dab196a330 ConcurrentGCThread "G1 Main Marker" [stack: 0x00000089c2100000,0x00000089c2200000] [id=12040]
  0x000001dab196bd50 ConcurrentGCThread "G1 Conc#0" [stack: 0x00000089c2200000,0x00000089c2300000] [id=1624]
  0x000001dab19d4250 ConcurrentGCThread "G1 Refine#0" [stack: 0x00000089c2300000,0x00000089c2400000] [id=13032]
  0x000001dab19d4c70 ConcurrentGCThread "G1 Service" [stack: 0x00000089c2400000,0x00000089c2500000] [id=4400]

Threads with active compile tasks:

VM state: not at safepoint (normal execution)

VM Mutex/Monitor currently owned by a thread:  ([mutex/lock_event])
[0x000001dab18fc120] Heap_lock - owner thread: 0x000001dad02143b0

Heap address: 0x0000000081400000, size: 2028 MB, Compressed Oops mode: 32-bit

CDS archive(s) mapped at: [0x0000000800000000-0x0000000800bd0000-0x0000000800bd0000), size 12386304, SharedBaseAddress: 0x0000000800000000, ArchiveRelocationMode: 0.
Compressed class space mapped at: 0x0000000800c00000-0x0000000840c00000, reserved size: 1073741824
Narrow klass base: 0x0000000800000000, Narrow klass shift: 0, Narrow klass range: 0x100000000

GC Precious Log:
 CPUs: 4 total, 4 available
 Memory: 8109M
 Large Page Support: Disabled
 NUMA Support: Disabled
 Compressed Oops: Enabled (32-bit)
 Heap Region Size: 1M
 Heap Min Capacity: 8M
 Heap Initial Capacity: 128M
 Heap Max Capacity: 2028M
 Pre-touch: Disabled
 Parallel Workers: 4
 Concurrent Workers: 1
 Concurrent Refinement Workers: 4
 Periodic GC: Disabled

Heap:
 garbage-first heap   total 190464K, used 89275K [0x0000000081400000, 0x0000000100000000)
  region size 1024K, 2 young (2048K), 2 survivors (2048K)
 Metaspace       used 13555K, committed 13824K, reserved 1064960K
  class space    used 1958K, committed 2112K, reserved 1048576K

Heap Regions: E=young(eden), S=young(survivor), O=old, HS=humongous(starts), HC=humongous(continues), CS=collection set, F=free, OA=open archive, CA=closed archive, TAMS=top-at-mark-start (previous, next)
|   0|0x0000000081400000, 0x0000000081500000, 0x0000000081500000|100%| O|  |TAMS 0x0000000081500000, 0x0000000081500000| Untracked 
|   1|0x0000000081500000, 0x0000000081600000, 0x0000000081600000|100%| O|  |TAMS 0x00000000815d0e00, 0x0000000081600000| Untracked 
|   2|0x0000000081600000, 0x0000000081700000, 0x0000000081700000|100%|HS|  |TAMS 0x0000000081700000, 0x0000000081700000| Complete 
|   3|0x0000000081700000, 0x0000000081800000, 0x0000000081800000|100%|HC|  |TAMS 0x0000000081800000, 0x0000000081800000| Complete 
|   4|0x0000000081800000, 0x0000000081900000, 0x0000000081900000|100%|HS|  |TAMS 0x0000000081900000, 0x0000000081900000| Complete 
|   5|0x0000000081900000, 0x0000000081a00000, 0x0000000081a00000|100%|HC|  |TAMS 0x0000000081a00000, 0x0000000081a00000| Complete 
|   6|0x0000000081a00000, 0x0000000081b00000, 0x0000000081b00000|100%|HC|  |TAMS 0x0000000081b00000, 0x0000000081b00000| Complete 
|   7|0x0000000081b00000, 0x0000000081c00000, 0x0000000081c00000|100%|HC|  |TAMS 0x0000000081c00000, 0x0000000081c00000| Complete 
|   8|0x0000000081c00000, 0x0000000081d00000, 0x0000000081d00000|100%|HC|  |TAMS 0x0000000081d00000, 0x0000000081d00000| Complete 
|   9|0x0000000081d00000, 0x0000000081e00000, 0x0000000081e00000|100%|HC|  |TAMS 0x0000000081e00000, 0x0000000081e00000| Complete 
|  10|0x0000000081e00000, 0x0000000081f00000, 0x0000000081f00000|100%|HC|  |TAMS 0x0000000081f00000, 0x0000000081f00000| Complete 
|  11|0x0000000081f00000, 0x0000000082000000, 0x0000000082000000|100%|HC|  |TAMS 0x0000000082000000, 0x0000000082000000| Complete 
|  12|0x0000000082000000, 0x0000000082100000, 0x0000000082100000|100%|HC|  |TAMS 0x0000000082100000, 0x0000000082100000| Complete 
|  13|0x0000000082100000, 0x0000000082200000, 0x0000000082200000|100%|HC|  |TAMS 0x0000000082200000, 0x0000000082200000| Complete 
|  14|0x0000000082200000, 0x0000000082300000, 0x0000000082300000|100%|HC|  |TAMS 0x0000000082300000, 0x0000000082300000| Complete 
|  15|0x0000000082300000, 0x0000000082400000, 0x0000000082400000|100%|HC|  |TAMS 0x0000000082400000, 0x0000000082400000| Complete 
|  16|0x0000000082400000, 0x0000000082500000, 0x0000000082500000|100%|HC|  |TAMS 0x0000000082500000, 0x0000000082500000| Complete 
|  17|0x0000000082500000, 0x0000000082600000, 0x0000000082600000|100%|HC|  |TAMS 0x0000000082600000, 0x0000000082600000| Complete 
|  18|0x0000000082600000, 0x0000000082700000, 0x0000000082700000|100%|HC|  |TAMS 0x0000000082700000, 0x0000000082700000| Complete 
|  19|0x0000000082700000, 0x0000000082800000, 0x0000000082800000|100%|HC|  |TAMS 0x0000000082800000, 0x0000000082800000| Complete 
|  20|0x0000000082800000, 0x0000000082900000, 0x0000000082900000|100%|HC|  |TAMS 0x0000000082900000, 0x0000000082900000| Complete 
|  21|0x0000000082900000, 0x0000000082a00000, 0x0000000082a00000|100%|HC|  |TAMS 0x0000000082a00000, 0x0000000082a00000| Complete 
|  22|0x0000000082a00000, 0x0000000082b00000, 0x0000000082b00000|100%|HC|  |TAMS 0x0000000082b00000, 0x0000000082b00000| Complete 
|  23|0x0000000082b00000, 0x0000000082c00000, 0x0000000082c00000|100%|HC|  |TAMS 0x0000000082c00000, 0x0000000082c00000| Complete 
|  24|0x0000000082c00000, 0x0000000082d00000, 0x0000000082d00000|100%|HC|  |TAMS 0x0000000082d00000, 0x0000000082d00000| Complete 
|  25|0x0000000082d00000, 0x0000000082e00000, 0x0000000082e00000|100%|HC|  |TAMS 0x0000000082e00000, 0x0000000082e00000| Complete 
|  26|0x0000000082e00000, 0x0000000082f00000, 0x0000000082f00000|100%|HC|  |TAMS 0x0000000082f00000, 0x0000000082f00000| Complete 
|  27|0x0000000082f00000, 0x0000000083000000, 0x0000000083000000|100%|HC|  |TAMS 0x0000000083000000, 0x0000000083000000| Complete 
|  28|0x0000000083000000, 0x0000000083100000, 0x0000000083100000|100%|HC|  |TAMS 0x0000000083100000, 0x0000000083100000| Complete 
|  29|0x0000000083100000, 0x0000000083200000, 0x0000000083200000|100%|HC|  |TAMS 0x0000000083200000, 0x0000000083200000| Complete 
|  30|0x0000000083200000, 0x0000000083300000, 0x0000000083300000|100%|HC|  |TAMS 0x0000000083300000, 0x0000000083300000| Complete 
|  31|0x0000000083300000, 0x0000000083400000, 0x0000000083400000|100%|HC|  |TAMS 0x0000000083400000, 0x0000000083400000| Complete 
|  32|0x0000000083400000, 0x0000000083500000, 0x0000000083500000|100%|HC|  |TAMS 0x0000000083500000, 0x0000000083500000| Complete 
|  33|0x0000000083500000, 0x0000000083600000, 0x0000000083600000|100%|HC|  |TAMS 0x0000000083600000, 0x0000000083600000| Complete 
|  34|0x0000000083600000, 0x0000000083700000, 0x0000000083700000|100%|HC|  |TAMS 0x0000000083700000, 0x0000000083700000| Complete 
|  35|0x0000000083700000, 0x0000000083800000, 0x0000000083800000|100%|HC|  |TAMS 0x0000000083800000, 0x0000000083800000| Complete 
|  36|0x0000000083800000, 0x0000000083900000, 0x0000000083900000|100%|HC|  |TAMS 0x0000000083900000, 0x0000000083900000| Complete 
|  37|0x0000000083900000, 0x0000000083a00000, 0x0000000083a00000|100%|HC|  |TAMS 0x0000000083a00000, 0x0000000083a00000| Complete 
|  38|0x0000000083a00000, 0x0000000083b00000, 0x0000000083b00000|100%|HC|  |TAMS 0x0000000083b00000, 0x0000000083b00000| Complete 
|  39|0x0000000083b00000, 0x0000000083c00000, 0x0000000083c00000|100%|HC|  |TAMS 0x0000000083c00000, 0x0000000083c00000| Complete 
|  40|0x0000000083c00000, 0x0000000083d00000, 0x0000000083d00000|100%|HC|  |TAMS 0x0000000083d00000, 0x0000000083d00000| Complete 
|  41|0x0000000083d00000, 0x0000000083e00000, 0x0000000083e00000|100%|HC|  |TAMS 0x0000000083e00000, 0x0000000083e00000| Complete 
|  42|0x0000000083e00000, 0x0000000083f00000, 0x0000000083f00000|100%|HC|  |TAMS 0x0000000083f00000, 0x0000000083f00000| Complete 
|  43|0x0000000083f00000, 0x0000000084000000, 0x0000000084000000|100%|HC|  |TAMS 0x0000000084000000, 0x0000000084000000| Complete 
|  44|0x0000000084000000, 0x0000000084100000, 0x0000000084100000|100%|HC|  |TAMS 0x0000000084100000, 0x0000000084100000| Complete 
|  45|0x0000000084100000, 0x0000000084200000, 0x0000000084200000|100%|HC|  |TAMS 0x0000000084200000, 0x0000000084200000| Complete 
|  46|0x0000000084200000, 0x0000000084300000, 0x0000000084300000|100%|HC|  |TAMS 0x0000000084300000, 0x0000000084300000| Complete 
|  47|0x0000000084300000, 0x0000000084400000, 0x0000000084400000|100%|HC|  |TAMS 0x0000000084400000, 0x0000000084400000| Complete 
|  48|0x0000000084400000, 0x0000000084500000, 0x0000000084500000|100%|HC|  |TAMS 0x0000000084500000, 0x0000000084500000| Complete 
|  49|0x0000000084500000, 0x0000000084600000, 0x0000000084600000|100%|HC|  |TAMS 0x0000000084600000, 0x0000000084600000| Complete 
|  50|0x0000000084600000, 0x0000000084700000, 0x0000000084700000|100%|HC|  |TAMS 0x0000000084700000, 0x0000000084700000| Complete 
|  51|0x0000000084700000, 0x0000000084800000, 0x0000000084800000|100%|HC|  |TAMS 0x0000000084800000, 0x0000000084800000| Complete 
|  52|0x0000000084800000, 0x0000000084900000, 0x0000000084900000|100%|HC|  |TAMS 0x0000000084900000, 0x0000000084900000| Complete 
|  53|0x0000000084900000, 0x0000000084a00000, 0x0000000084a00000|100%|HC|  |TAMS 0x0000000084a00000, 0x0000000084a00000| Complete 
|  54|0x0000000084a00000, 0x0000000084b00000, 0x0000000084b00000|100%|HC|  |TAMS 0x0000000084b00000, 0x0000000084b00000| Complete 
|  55|0x0000000084b00000, 0x0000000084c00000, 0x0000000084c00000|100%|HC|  |TAMS 0x0000000084c00000, 0x0000000084c00000| Complete 
|  56|0x0000000084c00000, 0x0000000084d00000, 0x0000000084d00000|100%|HC|  |TAMS 0x0000000084d00000, 0x0000000084d00000| Complete 
|  57|0x0000000084d00000, 0x0000000084e00000, 0x0000000084e00000|100%|HC|  |TAMS 0x0000000084e00000, 0x0000000084e00000| Complete 
|  58|0x0000000084e00000, 0x0000000084f00000, 0x0000000084f00000|100%|HC|  |TAMS 0x0000000084f00000, 0x0000000084f00000| Complete 
|  59|0x0000000084f00000, 0x0000000085000000, 0x0000000085000000|100%|HC|  |TAMS 0x0000000085000000, 0x0000000085000000| Complete 
|  60|0x0000000085000000, 0x0000000085100000, 0x0000000085100000|100%|HC|  |TAMS 0x0000000085100000, 0x0000000085100000| Complete 
|  61|0x0000000085100000, 0x0000000085200000, 0x0000000085200000|100%|HC|  |TAMS 0x0000000085200000, 0x0000000085200000| Complete 
|  62|0x0000000085200000, 0x0000000085300000, 0x0000000085300000|100%|HC|  |TAMS 0x0000000085300000, 0x0000000085300000| Complete 
|  63|0x0000000085300000, 0x0000000085400000, 0x0000000085400000|100%|HC|  |TAMS 0x0000000085400000, 0x0000000085400000| Complete 
|  64|0x0000000085400000, 0x0000000085500000, 0x0000000085500000|100%|HC|  |TAMS 0x0000000085500000, 0x0000000085500000| Complete 
|  65|0x0000000085500000, 0x0000000085600000, 0x0000000085600000|100%|HC|  |TAMS 0x0000000085600000, 0x0000000085600000| Complete 
|  66|0x0000000085600000, 0x0000000085700000, 0x0000000085700000|100%|HC|  |TAMS 0x0000000085700000, 0x0000000085700000| Complete 
|  67|0x0000000085700000, 0x0000000085800000, 0x0000000085800000|100%|HC|  |TAMS 0x0000000085800000, 0x0000000085800000| Complete 
|  68|0x0000000085800000, 0x0000000085900000, 0x0000000085900000|100%|HC|  |TAMS 0x0000000085900000, 0x0000000085900000| Complete 
|  69|0x0000000085900000, 0x0000000085a00000, 0x0000000085a00000|100%|HC|  |TAMS 0x0000000085a00000, 0x0000000085a00000| Complete 
|  70|0x0000000085a00000, 0x0000000085b00000, 0x0000000085b00000|100%|HC|  |TAMS 0x0000000085b00000, 0x0000000085b00000| Complete 
|  71|0x0000000085b00000, 0x0000000085c00000, 0x0000000085c00000|100%|HC|  |TAMS 0x0000000085c00000, 0x0000000085c00000| Complete 
|  72|0x0000000085c00000, 0x0000000085d00000, 0x0000000085d00000|100%|HC|  |TAMS 0x0000000085d00000, 0x0000000085d00000| Complete 
|  73|0x0000000085d00000, 0x0000000085e00000, 0x0000000085e00000|100%|HC|  |TAMS 0x0000000085e00000, 0x0000000085e00000| Complete 
|  74|0x0000000085e00000, 0x0000000085f00000, 0x0000000085f00000|100%|HC|  |TAMS 0x0000000085f00000, 0x0000000085f00000| Complete 
|  75|0x0000000085f00000, 0x0000000086000000, 0x0000000086000000|100%|HC|  |TAMS 0x0000000086000000, 0x0000000086000000| Complete 
|  76|0x0000000086000000, 0x0000000086100000, 0x0000000086100000|100%|HC|  |TAMS 0x0000000086100000, 0x0000000086100000| Complete 
|  77|0x0000000086100000, 0x0000000086200000, 0x0000000086200000|100%|HC|  |TAMS 0x0000000086200000, 0x0000000086200000| Complete 
|  78|0x0000000086200000, 0x0000000086300000, 0x0000000086300000|100%|HC|  |TAMS 0x0000000086300000, 0x0000000086300000| Complete 
|  79|0x0000000086300000, 0x0000000086400000, 0x0000000086400000|100%|HC|  |TAMS 0x0000000086400000, 0x0000000086400000| Complete 
|  80|0x0000000086400000, 0x0000000086500000, 0x0000000086500000|100%| O|  |TAMS 0x0000000086400000, 0x0000000086500000| Untracked 
|  81|0x0000000086500000, 0x0000000086600000, 0x0000000086600000|100%| O|  |TAMS 0x0000000086500000, 0x0000000086600000| Untracked 
|  82|0x0000000086600000, 0x0000000086700000, 0x0000000086700000|100%| O|  |TAMS 0x0000000086600000, 0x00000000866bf000| Untracked 
|  83|0x0000000086700000, 0x0000000086800000, 0x0000000086800000|100%|HS|  |TAMS 0x0000000086700000, 0x0000000086800000| Complete 
|  84|0x0000000086800000, 0x0000000086900000, 0x0000000086900000|100%|HC|  |TAMS 0x0000000086800000, 0x0000000086900000| Complete 
|  85|0x0000000086900000, 0x00000000869cae00, 0x0000000086a00000| 79%| O|  |TAMS 0x0000000086900000, 0x0000000086900000| Untracked 
|  86|0x0000000086a00000, 0x0000000086a00000, 0x0000000086b00000|  0%| F|  |TAMS 0x0000000086a00000, 0x0000000086a00000| Untracked 
|  87|0x0000000086b00000, 0x0000000086b00000, 0x0000000086c00000|  0%| F|  |TAMS 0x0000000086b00000, 0x0000000086b00000| Untracked 
|  88|0x0000000086c00000, 0x0000000086c00000, 0x0000000086d00000|  0%| F|  |TAMS 0x0000000086c00000, 0x0000000086c00000| Untracked 
|  89|0x0000000086d00000, 0x0000000086d00000, 0x0000000086e00000|  0%| F|  |TAMS 0x0000000086d00000, 0x0000000086d00000| Untracked 
|  90|0x0000000086e00000, 0x0000000086e00000, 0x0000000086f00000|  0%| F|  |TAMS 0x0000000086e00000, 0x0000000086e00000| Untracked 
|  91|0x0000000086f00000, 0x0000000086f00000, 0x0000000087000000|  0%| F|  |TAMS 0x0000000086f00000, 0x0000000086f00000| Untracked 
|  92|0x0000000087000000, 0x0000000087000000, 0x0000000087100000|  0%| F|  |TAMS 0x0000000087000000, 0x0000000087000000| Untracked 
|  93|0x0000000087100000, 0x0000000087100000, 0x0000000087200000|  0%| F|  |TAMS 0x0000000087100000, 0x0000000087100000| Untracked 
|  94|0x0000000087200000, 0x0000000087200000, 0x0000000087300000|  0%| F|  |TAMS 0x0000000087200000, 0x0000000087200000| Untracked 
|  95|0x0000000087300000, 0x0000000087300000, 0x0000000087400000|  0%| F|  |TAMS 0x0000000087300000, 0x0000000087300000| Untracked 
|  96|0x0000000087400000, 0x0000000087400000, 0x0000000087500000|  0%| F|  |TAMS 0x0000000087400000, 0x0000000087400000| Untracked 
|  97|0x0000000087500000, 0x0000000087500000, 0x0000000087600000|  0%| F|  |TAMS 0x0000000087500000, 0x0000000087500000| Untracked 
|  98|0x0000000087600000, 0x0000000087600000, 0x0000000087700000|  0%| F|  |TAMS 0x0000000087600000, 0x0000000087600000| Untracked 
|  99|0x0000000087700000, 0x0000000087700000, 0x0000000087800000|  0%| F|  |TAMS 0x0000000087700000, 0x0000000087700000| Untracked 
| 100|0x0000000087800000, 0x0000000087800000, 0x0000000087900000|  0%| F|  |TAMS 0x0000000087800000, 0x0000000087800000| Untracked 
| 101|0x0000000087900000, 0x0000000087900000, 0x0000000087a00000|  0%| F|  |TAMS 0x0000000087900000, 0x0000000087900000| Untracked 
| 102|0x0000000087a00000, 0x0000000087a00000, 0x0000000087b00000|  0%| F|  |TAMS 0x0000000087a00000, 0x0000000087a00000| Untracked 
| 103|0x0000000087b00000, 0x0000000087b00000, 0x0000000087c00000|  0%| F|  |TAMS 0x0000000087b00000, 0x0000000087b00000| Untracked 
| 104|0x0000000087c00000, 0x0000000087c00000, 0x0000000087d00000|  0%| F|  |TAMS 0x0000000087c00000, 0x0000000087c00000| Untracked 
| 105|0x0000000087d00000, 0x0000000087d00000, 0x0000000087e00000|  0%| F|  |TAMS 0x0000000087d00000, 0x0000000087d00000| Untracked 
| 106|0x0000000087e00000, 0x0000000087e00000, 0x0000000087f00000|  0%| F|  |TAMS 0x0000000087e00000, 0x0000000087e00000| Untracked 
| 107|0x0000000087f00000, 0x0000000087f00000, 0x0000000088000000|  0%| F|  |TAMS 0x0000000087f00000, 0x0000000087f00000| Untracked 
| 108|0x0000000088000000, 0x0000000088000000, 0x0000000088100000|  0%| F|  |TAMS 0x0000000088000000, 0x0000000088000000| Untracked 
| 109|0x0000000088100000, 0x0000000088100000, 0x0000000088200000|  0%| F|  |TAMS 0x0000000088100000, 0x0000000088100000| Untracked 
| 110|0x0000000088200000, 0x0000000088200000, 0x0000000088300000|  0%| F|  |TAMS 0x0000000088200000, 0x0000000088200000| Untracked 
| 111|0x0000000088300000, 0x0000000088300000, 0x0000000088400000|  0%| F|  |TAMS 0x0000000088300000, 0x0000000088300000| Untracked 
| 112|0x0000000088400000, 0x0000000088400000, 0x0000000088500000|  0%| F|  |TAMS 0x0000000088400000, 0x0000000088400000| Untracked 
| 113|0x0000000088500000, 0x0000000088500000, 0x0000000088600000|  0%| F|  |TAMS 0x0000000088500000, 0x0000000088500000| Untracked 
| 114|0x0000000088600000, 0x0000000088600000, 0x0000000088700000|  0%| F|  |TAMS 0x0000000088600000, 0x0000000088600000| Untracked 
| 115|0x0000000088700000, 0x0000000088700000, 0x0000000088800000|  0%| F|  |TAMS 0x0000000088700000, 0x0000000088700000| Untracked 
| 116|0x0000000088800000, 0x0000000088800000, 0x0000000088900000|  0%| F|  |TAMS 0x0000000088800000, 0x0000000088800000| Untracked 
| 117|0x0000000088900000, 0x0000000088900000, 0x0000000088a00000|  0%| F|  |TAMS 0x0000000088900000, 0x0000000088900000| Untracked 
| 118|0x0000000088a00000, 0x0000000088a00000, 0x0000000088b00000|  0%| F|  |TAMS 0x0000000088a00000, 0x0000000088a00000| Untracked 
| 119|0x0000000088b00000, 0x0000000088b00000, 0x0000000088c00000|  0%| F|  |TAMS 0x0000000088b00000, 0x0000000088b00000| Untracked 
| 120|0x0000000088c00000, 0x0000000088c00000, 0x0000000088d00000|  0%| F|  |TAMS 0x0000000088c00000, 0x0000000088c00000| Untracked 
| 121|0x0000000088d00000, 0x0000000088d00000, 0x0000000088e00000|  0%| F|  |TAMS 0x0000000088d00000, 0x0000000088d00000| Untracked 
| 122|0x0000000088e00000, 0x0000000088e00000, 0x0000000088f00000|  0%| F|  |TAMS 0x0000000088e00000, 0x0000000088e00000| Untracked 
| 123|0x0000000088f00000, 0x0000000088f00000, 0x0000000089000000|  0%| F|  |TAMS 0x0000000088f00000, 0x0000000088f00000| Untracked 
| 124|0x0000000089000000, 0x0000000089000000, 0x0000000089100000|  0%| F|  |TAMS 0x0000000089000000, 0x0000000089000000| Untracked 
| 125|0x0000000089100000, 0x0000000089100000, 0x0000000089200000|  0%| F|  |TAMS 0x0000000089100000, 0x0000000089100000| Untracked 
| 126|0x0000000089200000, 0x0000000089200000, 0x0000000089300000|  0%| F|  |TAMS 0x0000000089200000, 0x0000000089200000| Untracked 
| 127|0x0000000089300000, 0x0000000089300000, 0x0000000089400000|  0%| F|  |TAMS 0x0000000089300000, 0x0000000089300000| Untracked 
| 128|0x0000000089400000, 0x0000000089400000, 0x0000000089500000|  0%| F|  |TAMS 0x0000000089400000, 0x0000000089400000| Untracked 
| 129|0x0000000089500000, 0x0000000089500000, 0x0000000089600000|  0%| F|  |TAMS 0x0000000089500000, 0x0000000089500000| Untracked 
| 130|0x0000000089600000, 0x0000000089600000, 0x0000000089700000|  0%| F|  |TAMS 0x0000000089600000, 0x0000000089600000| Untracked 
| 131|0x0000000089700000, 0x0000000089700000, 0x0000000089800000|  0%| F|  |TAMS 0x0000000089700000, 0x0000000089700000| Untracked 
| 132|0x0000000089800000, 0x0000000089800000, 0x0000000089900000|  0%| F|  |TAMS 0x0000000089800000, 0x0000000089800000| Untracked 
| 133|0x0000000089900000, 0x0000000089900000, 0x0000000089a00000|  0%| F|  |TAMS 0x0000000089900000, 0x0000000089900000| Untracked 
| 134|0x0000000089a00000, 0x0000000089a00000, 0x0000000089b00000|  0%| F|  |TAMS 0x0000000089a00000, 0x0000000089a00000| Untracked 
| 135|0x0000000089b00000, 0x0000000089b00000, 0x0000000089c00000|  0%| F|  |TAMS 0x0000000089b00000, 0x0000000089b00000| Untracked 
| 136|0x0000000089c00000, 0x0000000089c00000, 0x0000000089d00000|  0%| F|  |TAMS 0x0000000089c00000, 0x0000000089c00000| Untracked 
| 137|0x0000000089d00000, 0x0000000089d00000, 0x0000000089e00000|  0%| F|  |TAMS 0x0000000089d00000, 0x0000000089d00000| Untracked 
| 138|0x0000000089e00000, 0x0000000089e00000, 0x0000000089f00000|  0%| F|  |TAMS 0x0000000089e00000, 0x0000000089e00000| Untracked 
| 139|0x0000000089f00000, 0x0000000089f00000, 0x000000008a000000|  0%| F|  |TAMS 0x0000000089f00000, 0x0000000089f00000| Untracked 
| 140|0x000000008a000000, 0x000000008a000000, 0x000000008a100000|  0%| F|  |TAMS 0x000000008a000000, 0x000000008a000000| Untracked 
| 141|0x000000008a100000, 0x000000008a100000, 0x000000008a200000|  0%| F|  |TAMS 0x000000008a100000, 0x000000008a100000| Untracked 
| 142|0x000000008a200000, 0x000000008a200000, 0x000000008a300000|  0%| F|  |TAMS 0x000000008a200000, 0x000000008a200000| Untracked 
| 143|0x000000008a300000, 0x000000008a300000, 0x000000008a400000|  0%| F|  |TAMS 0x000000008a300000, 0x000000008a300000| Untracked 
| 144|0x000000008a400000, 0x000000008a400000, 0x000000008a500000|  0%| F|  |TAMS 0x000000008a400000, 0x000000008a400000| Untracked 
| 145|0x000000008a500000, 0x000000008a563ee0, 0x000000008a600000| 39%| S|CS|TAMS 0x000000008a500000, 0x000000008a500000| Complete 
| 146|0x000000008a600000, 0x000000008a700000, 0x000000008a700000|100%| S|CS|TAMS 0x000000008a600000, 0x000000008a600000| Complete 
| 147|0x000000008a700000, 0x000000008a700000, 0x000000008a800000|  0%| F|  |TAMS 0x000000008a700000, 0x000000008a700000| Untracked 
| 148|0x000000008a800000, 0x000000008a800000, 0x000000008a900000|  0%| F|  |TAMS 0x000000008a800000, 0x000000008a800000| Untracked 
| 149|0x000000008a900000, 0x000000008a900000, 0x000000008aa00000|  0%| F|  |TAMS 0x000000008a900000, 0x000000008a900000| Untracked 
| 150|0x000000008aa00000, 0x000000008aa00000, 0x000000008ab00000|  0%| F|  |TAMS 0x000000008aa00000, 0x000000008aa00000| Untracked 
| 151|0x000000008ab00000, 0x000000008ab00000, 0x000000008ac00000|  0%| F|  |TAMS 0x000000008ab00000, 0x000000008ab00000| Untracked 
| 152|0x000000008ac00000, 0x000000008ac00000, 0x000000008ad00000|  0%| F|  |TAMS 0x000000008ac00000, 0x000000008ac00000| Untracked 
| 153|0x000000008ad00000, 0x000000008ad00000, 0x000000008ae00000|  0%| F|  |TAMS 0x000000008ad00000, 0x000000008ad00000| Untracked 
| 154|0x000000008ae00000, 0x000000008ae00000, 0x000000008af00000|  0%| F|  |TAMS 0x000000008ae00000, 0x000000008ae00000| Untracked 
| 155|0x000000008af00000, 0x000000008af00000, 0x000000008b000000|  0%| F|  |TAMS 0x000000008af00000, 0x000000008af00000| Untracked 
| 156|0x000000008b000000, 0x000000008b000000, 0x000000008b100000|  0%| F|  |TAMS 0x000000008b000000, 0x000000008b000000| Untracked 
| 157|0x000000008b100000, 0x000000008b100000, 0x000000008b200000|  0%| F|  |TAMS 0x000000008b100000, 0x000000008b100000| Untracked 
| 158|0x000000008b200000, 0x000000008b200000, 0x000000008b300000|  0%| F|  |TAMS 0x000000008b200000, 0x000000008b200000| Untracked 
| 159|0x000000008b300000, 0x000000008b300000, 0x000000008b400000|  0%| F|  |TAMS 0x000000008b300000, 0x000000008b300000| Untracked 
| 160|0x000000008b400000, 0x000000008b400000, 0x000000008b500000|  0%| F|  |TAMS 0x000000008b400000, 0x000000008b400000| Untracked 
| 161|0x000000008b500000, 0x000000008b500000, 0x000000008b600000|  0%| F|  |TAMS 0x000000008b500000, 0x000000008b500000| Untracked 
| 162|0x000000008b600000, 0x000000008b600000, 0x000000008b700000|  0%| F|  |TAMS 0x000000008b600000, 0x000000008b600000| Untracked 
| 163|0x000000008b700000, 0x000000008b700000, 0x000000008b800000|  0%| F|  |TAMS 0x000000008b700000, 0x000000008b700000| Untracked 
| 164|0x000000008b800000, 0x000000008b800000, 0x000000008b900000|  0%| F|  |TAMS 0x000000008b800000, 0x000000008b800000| Untracked 
| 165|0x000000008b900000, 0x000000008b900000, 0x000000008ba00000|  0%| F|  |TAMS 0x000000008b900000, 0x000000008b900000| Untracked 
| 166|0x000000008ba00000, 0x000000008ba00000, 0x000000008bb00000|  0%| F|  |TAMS 0x000000008ba00000, 0x000000008ba00000| Untracked 
| 167|0x000000008bb00000, 0x000000008bb00000, 0x000000008bc00000|  0%| F|  |TAMS 0x000000008bb00000, 0x000000008bb00000| Untracked 
| 168|0x000000008bc00000, 0x000000008bc00000, 0x000000008bd00000|  0%| F|  |TAMS 0x000000008bc00000, 0x000000008bc00000| Untracked 
| 169|0x000000008bd00000, 0x000000008bd00000, 0x000000008be00000|  0%| F|  |TAMS 0x000000008bd00000, 0x000000008bd00000| Untracked 
| 170|0x000000008be00000, 0x000000008be00000, 0x000000008bf00000|  0%| F|  |TAMS 0x000000008be00000, 0x000000008be00000| Untracked 
| 171|0x000000008bf00000, 0x000000008bf00000, 0x000000008c000000|  0%| F|  |TAMS 0x000000008bf00000, 0x000000008bf00000| Untracked 
| 172|0x000000008c000000, 0x000000008c000000, 0x000000008c100000|  0%| F|  |TAMS 0x000000008c000000, 0x000000008c000000| Untracked 
| 173|0x000000008c100000, 0x000000008c100000, 0x000000008c200000|  0%| F|  |TAMS 0x000000008c100000, 0x000000008c100000| Untracked 
| 174|0x000000008c200000, 0x000000008c200000, 0x000000008c300000|  0%| F|  |TAMS 0x000000008c200000, 0x000000008c200000| Untracked 
| 175|0x000000008c300000, 0x000000008c300000, 0x000000008c400000|  0%| F|  |TAMS 0x000000008c300000, 0x000000008c300000| Untracked 
| 176|0x000000008c400000, 0x000000008c400000, 0x000000008c500000|  0%| F|  |TAMS 0x000000008c400000, 0x000000008c400000| Untracked 
| 177|0x000000008c500000, 0x000000008c500000, 0x000000008c600000|  0%| F|  |TAMS 0x000000008c500000, 0x000000008c500000| Untracked 
| 178|0x000000008c600000, 0x000000008c600000, 0x000000008c700000|  0%| F|  |TAMS 0x000000008c600000, 0x000000008c600000| Untracked 
| 179|0x000000008c700000, 0x000000008c700000, 0x000000008c800000|  0%| F|  |TAMS 0x000000008c700000, 0x000000008c700000| Untracked 
| 180|0x000000008c800000, 0x000000008c800000, 0x000000008c900000|  0%| F|  |TAMS 0x000000008c800000, 0x000000008c800000| Untracked 
| 181|0x000000008c900000, 0x000000008c900000, 0x000000008ca00000|  0%| F|  |TAMS 0x000000008c900000, 0x000000008c900000| Untracked 
| 182|0x000000008ca00000, 0x000000008ca00000, 0x000000008cb00000|  0%| F|  |TAMS 0x000000008ca00000, 0x000000008ca00000| Untracked 
| 183|0x000000008cb00000, 0x000000008cb00000, 0x000000008cc00000|  0%| F|  |TAMS 0x000000008cb00000, 0x000000008cb00000| Untracked 
| 184|0x000000008cc00000, 0x000000008cc00000, 0x000000008cd00000|  0%| F|  |TAMS 0x000000008cc00000, 0x000000008cc00000| Untracked 
| 185|0x000000008cd00000, 0x000000008cd00000, 0x000000008ce00000|  0%| F|  |TAMS 0x000000008cd00000, 0x000000008cd00000| Untracked 

Card table byte_map: [0x000001dac8590000,0x000001dac8990000] _byte_map_base: 0x000001dac8186000

Marking Bits (Prev, Next): (CMBitMap*) 0x000001dab1959cc0, (CMBitMap*) 0x000001dab1959c80
 Prev Bits: [0x000001dacad40000, 0x000001dacccf0000)
 Next Bits: [0x000001dac8d90000, 0x000001dacad40000)

Polling page: 0x000001daaf920000

Metaspace:

Usage:
  Non-class:     11.32 MB used.
      Class:      1.91 MB used.
       Both:     13.24 MB used.

Virtual space:
  Non-class space:       16.00 MB reserved,      11.44 MB ( 71%) committed,  2 nodes.
      Class space:        1.00 GB reserved,       2.06 MB ( <1%) committed,  1 nodes.
             Both:        1.02 GB reserved,      13.50 MB (  1%) committed. 

Chunk freelists:
   Non-Class:  3.91 MB
       Class:  1.86 MB
        Both:  5.77 MB

MaxMetaspaceSize: unlimited
CompressedClassSpaceSize: 1.00 GB
Initial GC threshold: 21.00 MB
Current GC threshold: 21.38 MB
CDS: on
MetaspaceReclaimPolicy: balanced
 - commit_granule_bytes: 65536.
 - commit_granule_words: 8192.
 - virtual_space_node_default_size: 1048576.
 - enlarge_chunks_in_place: 1.
 - new_chunks_are_fully_committed: 0.
 - uncommit_free_chunks: 1.
 - use_allocation_guard: 0.
 - handle_deallocations: 1.


Internal statistics:

num_allocs_failed_limit: 0.
num_arena_births: 176.
num_arena_deaths: 0.
num_vsnodes_births: 3.
num_vsnodes_deaths: 0.
num_space_committed: 216.
num_space_uncommitted: 0.
num_chunks_returned_to_freelist: 0.
num_chunks_taken_from_freelist: 612.
num_chunk_merges: 0.
num_chunk_splits: 428.
num_chunks_enlarged: 343.
num_purges: 0.
num_inconsistent_stats: 0.

CodeHeap 'non-profiled nmethods': size=120000Kb used=624Kb max_used=624Kb free=119376Kb
 bounds [0x000001dac0c60000, 0x000001dac0ed0000, 0x000001dac8190000]
CodeHeap 'profiled nmethods': size=120000Kb used=2935Kb max_used=2935Kb free=117064Kb
 bounds [0x000001dab9190000, 0x000001dab9470000, 0x000001dac06c0000]
CodeHeap 'non-nmethods': size=5760Kb used=1416Kb max_used=1433Kb free=4343Kb
 bounds [0x000001dac06c0000, 0x000001dac0930000, 0x000001dac0c60000]
 total_blobs=2549 nmethods=1774 adapters=687
 compilation: enabled
              stopped_count=0, restarted_count=0
 full_count=0

Compilation events (20 events):
Event: 2.946 Thread 0x000001dacf1a4b00 1765       4       jdk.internal.ref.CleanerFactory::cleaner (4 bytes)
Event: 2.946 Thread 0x000001dacf1a4b00 nmethod 1765 0x000001dac0cfb710 code [0x000001dac0cfb880, 0x000001dac0cfb8d8]
Event: 2.953 Thread 0x000001dacf1a4b00 1766       4       java.lang.StringConcatHelper::checkOverflow (17 bytes)
Event: 2.953 Thread 0x000001dacf1ad5b0 1767       3       com.sun.org.apache.xerces.internal.impl.XMLStreamReaderImpl::hasNext (25 bytes)
Event: 2.953 Thread 0x000001dacf1ad5b0 nmethod 1767 0x000001dab946b190 code [0x000001dab946b320, 0x000001dab946b4f8]
Event: 2.953 Thread 0x000001dacf1ad5b0 1770       3       java.lang.String::startsWith (7 bytes)
Event: 2.953 Thread 0x000001dacf1ad5b0 nmethod 1770 0x000001dab946b590 code [0x000001dab946b720, 0x000001dab946b868]
Event: 2.953 Thread 0x000001dacf1ad5b0 1771       3       javafx.beans.property.ObjectPropertyBase::isBound (13 bytes)
Event: 2.953 Thread 0x000001dacf1a4b00 nmethod 1766 0x000001dac0cfba10 code [0x000001dac0cfbb80, 0x000001dac0cfbbf8]
Event: 2.953 Thread 0x000001dacf1ad5b0 nmethod 1771 0x000001dab946b910 code [0x000001dab946baa0, 0x000001dab946bc18]
Event: 2.953 Thread 0x000001dacf1ad5b0 1768       3       com.sun.org.apache.xerces.internal.util.XMLChar::isNameStart (22 bytes)
Event: 2.954 Thread 0x000001dacf1ad5b0 nmethod 1768 0x000001dab946bc90 code [0x000001dab946be20, 0x000001dab946bfd8]
Event: 2.954 Thread 0x000001dacf1ad5b0 1769       3       com.sun.org.apache.xerces.internal.impl.XMLDocumentFragmentScannerImpl::getAttributeIterator (39 bytes)
Event: 2.954 Thread 0x000001dacf1ad5b0 nmethod 1769 0x000001dab946c090 code [0x000001dab946c240, 0x000001dab946c428]
Event: 2.954 Thread 0x000001dacf1ad5b0 1772       3       java.lang.reflect.AccessibleObject::checkAccess (40 bytes)
Event: 2.954 Thread 0x000001dacf1ad5b0 nmethod 1772 0x000001dab946c510 code [0x000001dab946c6e0, 0x000001dab946ca18]
Event: 2.954 Thread 0x000001dacf1ad5b0 1773       3       com.sun.org.apache.xerces.internal.impl.XMLEntityScanner::skipSpaces (362 bytes)
Event: 2.955 Thread 0x000001dacf1ad5b0 nmethod 1773 0x000001dab946cb90 code [0x000001dab946ce00, 0x000001dab946d9e8]
Event: 2.956 Thread 0x000001dacf1a4b00 1774       4       java.lang.String::checkIndex (48 bytes)
Event: 2.956 Thread 0x000001dacf1a4b00 nmethod 1774 0x000001dac0cfbd10 code [0x000001dac0cfbe80, 0x000001dac0cfbf18]

GC Heap History (10 events):
Event: 0.421 GC heap before
{Heap before GC invocations=0 (full 0):
 garbage-first heap   total 131072K, used 13312K [0x0000000081400000, 0x0000000100000000)
  region size 1024K, 13 young (13312K), 0 survivors (0K)
 Metaspace       used 2395K, committed 2560K, reserved 1056768K
  class space    used 255K, committed 384K, reserved 1048576K
}
Event: 0.424 GC heap after
{Heap after GC invocations=1 (full 0):
 garbage-first heap   total 131072K, used 1859K [0x0000000081400000, 0x0000000100000000)
  region size 1024K, 2 young (2048K), 2 survivors (2048K)
 Metaspace       used 2395K, committed 2560K, reserved 1056768K
  class space    used 255K, committed 384K, reserved 1048576K
}
Event: 0.727 GC heap before
{Heap before GC invocations=1 (full 0):
 garbage-first heap   total 131072K, used 18243K [0x0000000081400000, 0x0000000100000000)
  region size 1024K, 19 young (19456K), 2 survivors (2048K)
 Metaspace       used 7517K, committed 7680K, reserved 1064960K
  class space    used 973K, committed 1024K, reserved 1048576K
}
Event: 0.732 GC heap after
{Heap after GC invocations=2 (full 0):
 garbage-first heap   total 131072K, used 4931K [0x0000000081400000, 0x0000000100000000)
  region size 1024K, 3 young (3072K), 3 survivors (3072K)
 Metaspace       used 7517K, committed 7680K, reserved 1064960K
  class space    used 973K, committed 1024K, reserved 1048576K
}
Event: 0.862 GC heap before
{Heap before GC invocations=2 (full 0):
 garbage-first heap   total 131072K, used 11075K [0x0000000081400000, 0x0000000100000000)
  region size 1024K, 8 young (8192K), 3 survivors (3072K)
 Metaspace       used 8858K, committed 9024K, reserved 1064960K
  class space    used 1199K, committed 1280K, reserved 1048576K
}
Event: 0.865 GC heap after
{Heap after GC invocations=3 (full 0):
 garbage-first heap   total 131072K, used 8282K [0x0000000081400000, 0x0000000100000000)
  region size 1024K, 5 young (5120K), 5 survivors (5120K)
 Metaspace       used 8858K, committed 9024K, reserved 1064960K
  class space    used 1199K, committed 1280K, reserved 1048576K
}
Event: 1.440 GC heap before
{Heap before GC invocations=3 (full 0):
 garbage-first heap   total 131072K, used 100442K [0x0000000081400000, 0x0000000100000000)
  region size 1024K, 20 young (20480K), 5 survivors (5120K)
 Metaspace       used 12835K, committed 13056K, reserved 1064960K
  class space    used 1861K, committed 1984K, reserved 1048576K
}
Event: 1.444 GC heap after
{Heap after GC invocations=4 (full 0):
 garbage-first heap   total 131072K, used 86901K [0x0000000081400000, 0x0000000100000000)
  region size 1024K, 3 young (3072K), 3 survivors (3072K)
 Metaspace       used 12835K, committed 13056K, reserved 1064960K
  class space    used 1861K, committed 1984K, reserved 1048576K
}
Event: 2.991 GC heap before
{Heap before GC invocations=5 (full 0):
 garbage-first heap   total 152576K, used 90997K [0x0000000081400000, 0x0000000100000000)
  region size 1024K, 6 young (6144K), 3 survivors (3072K)
 Metaspace       used 13555K, committed 13824K, reserved 1064960K
  class space    used 1958K, committed 2112K, reserved 1048576K
}
Event: 2.994 GC heap after
{Heap after GC invocations=6 (full 0):
 garbage-first heap   total 152576K, used 89275K [0x0000000081400000, 0x0000000100000000)
  region size 1024K, 2 young (2048K), 2 survivors (2048K)
 Metaspace       used 13555K, committed 13824K, reserved 1064960K
  class space    used 1958K, committed 2112K, reserved 1048576K
}

Deoptimization events (20 events):
Event: 1.217 Thread 0x000001dad02143b0 DEOPT PACKING pc=0x000001dac0c74328 sp=0x00000089c35fd530
Event: 1.217 Thread 0x000001dad02143b0 DEOPT UNPACKING pc=0x000001dac07123a3 sp=0x00000089c35fd4d8 mode 2
Event: 1.217 Thread 0x000001dad02143b0 Uncommon trap: trap_request=0xffffffde fr.pc=0x000001dac0c74328 relative=0x00000000000001a8
Event: 1.217 Thread 0x000001dad02143b0 Uncommon trap: reason=class_check action=maybe_recompile pc=0x000001dac0c74328 method=java.lang.String.equals(Ljava/lang/Object;)Z @ 8 c2
Event: 1.217 Thread 0x000001dad02143b0 DEOPT PACKING pc=0x000001dac0c74328 sp=0x00000089c35fd530
Event: 1.217 Thread 0x000001dad02143b0 DEOPT UNPACKING pc=0x000001dac07123a3 sp=0x00000089c35fd4d8 mode 2
Event: 1.262 Thread 0x000001dad02143b0 Uncommon trap: trap_request=0xffffffde fr.pc=0x000001dac0c74328 relative=0x00000000000001a8
Event: 1.262 Thread 0x000001dad02143b0 Uncommon trap: reason=class_check action=maybe_recompile pc=0x000001dac0c74328 method=java.lang.String.equals(Ljava/lang/Object;)Z @ 8 c2
Event: 1.262 Thread 0x000001dad02143b0 DEOPT PACKING pc=0x000001dac0c74328 sp=0x00000089c35fd330
Event: 1.262 Thread 0x000001dad02143b0 DEOPT UNPACKING pc=0x000001dac07123a3 sp=0x00000089c35fd2d8 mode 2
Event: 2.918 Thread 0x000001dacfd34bb0 DEOPT PACKING pc=0x000001dab942a357 sp=0x00000089c33fcda0
Event: 2.918 Thread 0x000001dacfd34bb0 DEOPT UNPACKING pc=0x000001dac0712b43 sp=0x00000089c33fc208 mode 0
Event: 2.922 Thread 0x000001dacfd34bb0 DEOPT PACKING pc=0x000001dab942a357 sp=0x00000089c33fdc30
Event: 2.922 Thread 0x000001dacfd34bb0 DEOPT UNPACKING pc=0x000001dac0712b43 sp=0x00000089c33fd098 mode 0
Event: 2.932 Thread 0x000001dad02143b0 Uncommon trap: trap_request=0xffffff45 fr.pc=0x000001dac0cc7dc4 relative=0x0000000000000224
Event: 2.932 Thread 0x000001dad02143b0 Uncommon trap: reason=unstable_if action=reinterpret pc=0x000001dac0cc7dc4 method=java.lang.String.startsWith(Ljava/lang/String;I)Z @ 55 c2
Event: 2.932 Thread 0x000001dad02143b0 DEOPT PACKING pc=0x000001dac0cc7dc4 sp=0x00000089c35fbc10
Event: 2.932 Thread 0x000001dad02143b0 DEOPT UNPACKING pc=0x000001dac07123a3 sp=0x00000089c35fbb20 mode 2
Event: 2.933 Thread 0x000001dad02143b0 DEOPT PACKING pc=0x000001dab9213e56 sp=0x00000089c35fb230
Event: 2.933 Thread 0x000001dad02143b0 DEOPT UNPACKING pc=0x000001dac0712b43 sp=0x00000089c35fa6d0 mode 0

Classes unloaded (0 events):
No events

Classes redefined (0 events):
No events

Internal exceptions (20 events):
Event: 0.457 Thread 0x000001dad052beb0 Exception <a 'java/lang/NoSuchMethodError'{0x00000000891d98d0}: 'void java.lang.invoke.DirectMethodHandle$Holder.invokeStatic(java.lang.Object, java.lang.Object, java.lang.Object, java.lang.Object)'> (0x00000000891d98d0) 
thrown [s\open\src\hotspot\share\interpreter\linkResolver.cpp, line 759]
Event: 0.565 Thread 0x000001dad02143b0 Exception <a 'java/lang/NoSuchMethodError'{0x0000000088a65dd8}: 'java.lang.Object java.lang.invoke.DirectMethodHandle$Holder.invokeStaticInit(java.lang.Object, java.lang.Object, java.lang.Object, java.lang.Object)'> (0x0000000088a65dd8) 
thrown [s\open\src\hotspot\share\interpreter\linkResolver.cpp, line 759]
Event: 0.566 Thread 0x000001dad02143b0 Exception <a 'java/lang/NullPointerException'{0x0000000088a71a30}> (0x0000000088a71a30) 
thrown [s\open\src\hotspot\share\interpreter\linkResolver.cpp, line 1350]
Event: 0.603 Thread 0x000001dad02143b0 Exception <a 'java/lang/ClassNotFoundException'{0x0000000088979d10}: sun/util/logging/resources/spi/loggingProvider> (0x0000000088979d10) 
thrown [s\open\src\hotspot\share\classfile\systemDictionary.cpp, line 256]
Event: 0.644 Thread 0x000001dad02143b0 Exception <a 'java/lang/ClassNotFoundException'{0x00000000887914a0}: com/sun/glass/ui/win/themes> (0x00000000887914a0) 
thrown [s\open\src\hotspot\share\prims\jni.cpp, line 535]
Event: 0.644 Thread 0x000001dad02143b0 Exception <a 'java/lang/ClassNotFoundException'{0x0000000088799738}: com/sun/glass/ui/win/themes_en> (0x0000000088799738) 
thrown [s\open\src\hotspot\share\prims\jni.cpp, line 535]
Event: 0.645 Thread 0x000001dad02143b0 Exception <a 'java/lang/ClassNotFoundException'{0x00000000887a1780}: com/sun/glass/ui/win/themes_en_US> (0x00000000887a1780) 
thrown [s\open\src\hotspot\share\prims\jni.cpp, line 535]
Event: 0.744 Thread 0x000001dad02143b0 Exception <a 'java/lang/NoSuchMethodError'{0x00000000893af8b8}: 'void java.lang.invoke.DirectMethodHandle$Holder.invokeStaticInit(java.lang.Object, java.lang.Object)'> (0x00000000893af8b8) 
thrown [s\open\src\hotspot\share\interpreter\linkResolver.cpp, line 759]
Event: 0.748 Thread 0x000001dad02143b0 Exception <a 'java/lang/NoSuchMethodError'{0x00000000893e47c0}: 'void java.lang.invoke.DirectMethodHandle$Holder.invokeSpecial(java.lang.Object, java.lang.Object, java.lang.Object, java.lang.Object, java.lang.Object)'> (0x00000000893e47c0) 
thrown [s\open\src\hotspot\share\interpreter\linkResolver.cpp, line 759]
Event: 1.102 Thread 0x000001dad02143b0 Implicit null exception at 0x000001dac0c80260 to 0x000001dac0c802fa
Event: 1.133 Thread 0x000001dad02143b0 Implicit null exception at 0x000001dac0cbd02f to 0x000001dac0cbd630
Event: 1.255 Thread 0x000001dad02143b0 Exception <a 'java/lang/NoSuchMethodError'{0x00000000889f8b50}: 'java.lang.Object java.lang.invoke.DirectMethodHandle$Holder.invokeInterface(java.lang.Object, java.lang.Object, java.lang.Object)'> (0x00000000889f8b50) 
thrown [s\open\src\hotspot\share\interpreter\linkResolver.cpp, line 759]
Event: 1.255 Thread 0x000001dad02143b0 Exception <a 'java/lang/IncompatibleClassChangeError'{0x00000000889fc4d8}: Found class java.lang.Object, but interface was expected> (0x00000000889fc4d8) 
thrown [s\open\src\hotspot\share\interpreter\linkResolver.cpp, line 826]
Event: 1.295 Thread 0x000001dad02143b0 Exception <a 'java/lang/NoSuchMethodError'{0x0000000088795190}: 'void java.lang.invoke.DirectMethodHandle$Holder.invokeSpecial(java.lang.Object, java.lang.Object, java.lang.Object, java.lang.Object, java.lang.Object, java.lang.Object)'> (0x0000000088795190) 
thrown [s\open\src\hotspot\share\interpreter\linkResolver.cpp, line 759]
Event: 1.326 Thread 0x000001dad02143b0 Exception <a 'java/lang/NoSuchMethodError'{0x000000008867df78}: 'java.lang.Object java.lang.invoke.DirectMethodHandle$Holder.newInvokeSpecial(java.lang.Object, java.lang.Object, int)'> (0x000000008867df78) 
thrown [s\open\src\hotspot\share\interpreter\linkResolver.cpp, line 759]
Event: 1.379 Thread 0x000001dacfd34bb0 Exception <a 'java/lang/NoSuchMethodError'{0x000000008839aa78}: 'int java.lang.invoke.DirectMethodHandle$Holder.invokeStaticInit(java.lang.Object, java.lang.Object)'> (0x000000008839aa78) 
thrown [s\open\src\hotspot\share\interpreter\linkResolver.cpp, line 759]
Event: 1.385 Thread 0x000001dad02143b0 Exception <a 'java/lang/NoSuchMethodError'{0x00000000883f4520}: 'long java.lang.invoke.DirectMethodHandle$Holder.invokeStatic(java.lang.Object, java.lang.Object, java.lang.Object)'> (0x00000000883f4520) 
thrown [s\open\src\hotspot\share\interpreter\linkResolver.cpp, line 759]
Event: 1.385 Thread 0x000001dad02143b0 Exception <a 'java/lang/NoSuchMethodError'{0x00000000883f7cc8}: 'long java.lang.invoke.DirectMethodHandle$Holder.invokeStaticInit(java.lang.Object, java.lang.Object, java.lang.Object)'> (0x00000000883f7cc8) 
thrown [s\open\src\hotspot\share\interpreter\linkResolver.cpp, line 759]
Event: 1.389 Thread 0x000001dad02143b0 Exception <a 'java/lang/NoSuchMethodError'{0x0000000088210018}: 'java.lang.Object java.lang.invoke.DirectMethodHandle$Holder.newInvokeSpecial(java.lang.Object, java.lang.Object, long)'> (0x0000000088210018) 
thrown [s\open\src\hotspot\share\interpreter\linkResolver.cpp, line 759]
Event: 1.389 Thread 0x000001dad02143b0 Exception <a 'java/lang/NoSuchMethodError'{0x0000000088213b88}: 'java.lang.Object java.lang.invoke.Invokers$Holder.linkToTargetMethod(java.lang.Object, long, java.lang.Object)'> (0x0000000088213b88) 
thrown [s\open\src\hotspot\share\interpreter\linkResolver.cpp, line 759]

VM Operations (20 events):
Event: 0.421 Executing VM operation: G1CollectForAllocation
Event: 0.424 Executing VM operation: G1CollectForAllocation done
Event: 0.509 Executing VM operation: HandshakeAllThreads
Event: 0.509 Executing VM operation: HandshakeAllThreads done
Event: 0.674 Executing VM operation: HandshakeAllThreads
Event: 0.674 Executing VM operation: HandshakeAllThreads done
Event: 0.727 Executing VM operation: G1CollectForAllocation
Event: 0.733 Executing VM operation: G1CollectForAllocation done
Event: 0.862 Executing VM operation: G1TryInitiateConcMark
Event: 0.865 Executing VM operation: G1TryInitiateConcMark done
Event: 1.440 Executing VM operation: G1TryInitiateConcMark
Event: 1.445 Executing VM operation: G1TryInitiateConcMark done
Event: 1.453 Executing VM operation: G1Concurrent
Event: 1.454 Executing VM operation: G1Concurrent done
Event: 1.458 Executing VM operation: G1Concurrent
Event: 1.458 Executing VM operation: G1Concurrent done
Event: 2.459 Executing VM operation: Cleanup
Event: 2.459 Executing VM operation: Cleanup done
Event: 2.991 Executing VM operation: G1TryInitiateConcMark
Event: 2.994 Executing VM operation: G1TryInitiateConcMark done

Events (20 events):
Event: 1.406 loading class java/nio/DoubleBuffer done
Event: 1.406 loading class java/nio/DirectFloatBufferU
Event: 1.406 loading class java/nio/DirectFloatBufferU done
Event: 1.409 loading class java/lang/ArrayIndexOutOfBoundsException
Event: 1.409 loading class java/lang/ArrayIndexOutOfBoundsException done
Event: 1.417 loading class jdk/internal/ref/CleanerImpl$InnocuousThreadFactory
Event: 1.417 loading class jdk/internal/ref/CleanerImpl$InnocuousThreadFactory done
Event: 1.417 Thread 0x000001dad0504c80 Thread added: 0x000001dad0504c80
Event: 1.422 loading class jdk/internal/math/FDBigInteger
Event: 1.422 loading class jdk/internal/math/FDBigInteger done
Event: 1.425 loading class sun/misc/Unsafe
Event: 1.425 loading class sun/misc/Unsafe done
Event: 1.805 loading class java/util/EnumMap$Values
Event: 1.805 loading class java/util/EnumMap$Values done
Event: 1.805 loading class java/util/EnumMap$ValueIterator
Event: 1.805 loading class java/util/EnumMap$EnumMapIterator
Event: 1.805 loading class java/util/EnumMap$EnumMapIterator done
Event: 1.805 loading class java/util/EnumMap$ValueIterator done
Event: 2.421 loading class java/io/UnsupportedEncodingException
Event: 2.421 loading class java/io/UnsupportedEncodingException done


Dynamic libraries:
0x00007ff705a10000 - 0x00007ff705a20000 	C:\Program Files\Java\jdk-17\bin\java.exe
0x00007ff8726f0000 - 0x00007ff8728e8000 	C:\WINDOWS\SYSTEM32\ntdll.dll
0x00007ff870770000 - 0x00007ff87082f000 	C:\WINDOWS\System32\KERNEL32.DLL
0x00007ff86fdd0000 - 0x00007ff8700c6000 	C:\WINDOWS\System32\KERNELBASE.dll
0x00007ff870170000 - 0x00007ff870270000 	C:\WINDOWS\System32\ucrtbase.dll
0x00007ff855920000 - 0x00007ff855939000 	C:\Program Files\Java\jdk-17\bin\jli.dll
0x00007ff854aa0000 - 0x00007ff854abb000 	C:\Program Files\Java\jdk-17\bin\VCRUNTIME140.dll
0x00007ff871570000 - 0x00007ff87161f000 	C:\WINDOWS\System32\ADVAPI32.dll
0x00007ff871e40000 - 0x00007ff871ede000 	C:\WINDOWS\System32\msvcrt.dll
0x00007ff870830000 - 0x00007ff8708cc000 	C:\WINDOWS\System32\sechost.dll
0x00007ff8709d0000 - 0x00007ff870af6000 	C:\WINDOWS\System32\RPCRT4.dll
0x00007ff871360000 - 0x00007ff8714fd000 	C:\WINDOWS\System32\USER32.dll
0x00007ff870390000 - 0x00007ff8703b2000 	C:\WINDOWS\System32\win32u.dll
0x00007ff8708d0000 - 0x00007ff8708fc000 	C:\WINDOWS\System32\GDI32.dll
0x00007ff870450000 - 0x00007ff870565000 	C:\WINDOWS\System32\gdi32full.dll
0x00007ff859710000 - 0x00007ff8599aa000 	C:\WINDOWS\WinSxS\amd64_microsoft.windows.common-controls_6595b64144ccf1df_6.0.19041.1110_none_60b5254171f9507e\COMCTL32.dll
0x00007ff8700d0000 - 0x00007ff87016d000 	C:\WINDOWS\System32\msvcp_win.dll
0x00007ff8636b0000 - 0x00007ff8636ba000 	C:\WINDOWS\SYSTEM32\VERSION.dll
0x00007ff870c70000 - 0x00007ff870ca0000 	C:\WINDOWS\System32\IMM32.DLL
0x00007ff86a520000 - 0x00007ff86a52c000 	C:\Program Files\Java\jdk-17\bin\vcruntime140_1.dll
0x00007ff8456d0000 - 0x00007ff84575e000 	C:\Program Files\Java\jdk-17\bin\msvcp140.dll
0x00007ff824f20000 - 0x00007ff825afd000 	C:\Program Files\Java\jdk-17\bin\server\jvm.dll
0x00007ff870900000 - 0x00007ff870908000 	C:\WINDOWS\System32\PSAPI.DLL
0x00007ff86a600000 - 0x00007ff86a609000 	C:\WINDOWS\SYSTEM32\WSOCK32.dll
0x00007ff85aea0000 - 0x00007ff85aec7000 	C:\WINDOWS\SYSTEM32\WINMM.dll
0x00007ff871500000 - 0x00007ff87156b000 	C:\WINDOWS\System32\WS2_32.dll
0x00007ff86de60000 - 0x00007ff86de72000 	C:\WINDOWS\SYSTEM32\kernel.appcore.dll
0x00007ff867ee0000 - 0x00007ff867eea000 	C:\Program Files\Java\jdk-17\bin\jimage.dll
0x00007ff86db30000 - 0x00007ff86dd14000 	C:\WINDOWS\SYSTEM32\DBGHELP.DLL
0x00007ff85b5a0000 - 0x00007ff85b5d4000 	C:\WINDOWS\SYSTEM32\dbgcore.DLL
0x00007ff8703c0000 - 0x00007ff870442000 	C:\WINDOWS\System32\bcryptPrimitives.dll
0x00007ff850da0000 - 0x00007ff850dc5000 	C:\Program Files\Java\jdk-17\bin\java.dll
0x00007ff8450b0000 - 0x00007ff845187000 	C:\Program Files\Java\jdk-17\bin\jsvml.dll
0x00007ff871f60000 - 0x00007ff8726a4000 	C:\WINDOWS\System32\SHELL32.dll
0x00007ff86de80000 - 0x00007ff86e613000 	C:\WINDOWS\SYSTEM32\windows.storage.dll
0x00007ff870cc0000 - 0x00007ff871014000 	C:\WINDOWS\System32\combase.dll
0x00007ff86f820000 - 0x00007ff86f84e000 	C:\WINDOWS\SYSTEM32\Wldp.dll
0x00007ff870bc0000 - 0x00007ff870c6d000 	C:\WINDOWS\System32\SHCORE.dll
0x00007ff870970000 - 0x00007ff8709c5000 	C:\WINDOWS\System32\shlwapi.dll
0x00007ff86fd10000 - 0x00007ff86fd2f000 	C:\WINDOWS\SYSTEM32\profapi.dll
0x00007ff8548a0000 - 0x00007ff8548b9000 	C:\Program Files\Java\jdk-17\bin\net.dll
0x00007ff8612f0000 - 0x00007ff8613fa000 	C:\WINDOWS\SYSTEM32\WINHTTP.dll
0x00007ff86f580000 - 0x00007ff86f5ea000 	C:\WINDOWS\system32\mswsock.dll
0x00007ff853440000 - 0x00007ff853456000 	C:\Program Files\Java\jdk-17\bin\nio.dll
0x00007ff8530f0000 - 0x00007ff853108000 	C:\Program Files\Java\jdk-17\bin\zip.dll
0x000001dab1890000 - 0x000001dab1893000 	C:\Program Files\Java\javafx-sdk-17.0.7\bin\api-ms-win-core-console-l1-1-0.dll
0x000001dab18a0000 - 0x000001dab18a3000 	C:\Program Files\Java\javafx-sdk-17.0.7\bin\api-ms-win-core-console-l1-2-0.dll
0x000001dab18b0000 - 0x000001dab18b3000 	C:\Program Files\Java\javafx-sdk-17.0.7\bin\api-ms-win-core-datetime-l1-1-0.dll
0x000001dab18c0000 - 0x000001dab18c3000 	C:\Program Files\Java\javafx-sdk-17.0.7\bin\api-ms-win-core-debug-l1-1-0.dll
0x000001dab18d0000 - 0x000001dab18d3000 	C:\Program Files\Java\javafx-sdk-17.0.7\bin\api-ms-win-core-errorhandling-l1-1-0.dll
0x000001dacf330000 - 0x000001dacf334000 	C:\Program Files\Java\javafx-sdk-17.0.7\bin\api-ms-win-core-file-l1-1-0.dll
0x000001dacf340000 - 0x000001dacf343000 	C:\Program Files\Java\javafx-sdk-17.0.7\bin\api-ms-win-core-file-l1-2-0.dll
0x000001dacf350000 - 0x000001dacf353000 	C:\Program Files\Java\javafx-sdk-17.0.7\bin\api-ms-win-core-file-l2-1-0.dll
0x000001dacf360000 - 0x000001dacf363000 	C:\Program Files\Java\javafx-sdk-17.0.7\bin\api-ms-win-core-handle-l1-1-0.dll
0x000001dacf370000 - 0x000001dacf373000 	C:\Program Files\Java\javafx-sdk-17.0.7\bin\api-ms-win-core-heap-l1-1-0.dll
0x000001dacf380000 - 0x000001dacf383000 	C:\Program Files\Java\javafx-sdk-17.0.7\bin\api-ms-win-core-interlocked-l1-1-0.dll
0x000001dacf390000 - 0x000001dacf393000 	C:\Program Files\Java\javafx-sdk-17.0.7\bin\api-ms-win-core-libraryloader-l1-1-0.dll
0x000001dacf3a0000 - 0x000001dacf3a3000 	C:\Program Files\Java\javafx-sdk-17.0.7\bin\api-ms-win-core-localization-l1-2-0.dll
0x000001dacf3b0000 - 0x000001dacf3b3000 	C:\Program Files\Java\javafx-sdk-17.0.7\bin\api-ms-win-core-memory-l1-1-0.dll
0x000001dacf3c0000 - 0x000001dacf3c3000 	C:\Program Files\Java\javafx-sdk-17.0.7\bin\api-ms-win-core-namedpipe-l1-1-0.dll
0x000001dacf3d0000 - 0x000001dacf3d3000 	C:\Program Files\Java\javafx-sdk-17.0.7\bin\api-ms-win-core-processenvironment-l1-1-0.dll
0x000001dacf3e0000 - 0x000001dacf3e3000 	C:\Program Files\Java\javafx-sdk-17.0.7\bin\api-ms-win-core-processthreads-l1-1-0.dll
0x000001dacf3f0000 - 0x000001dacf3f3000 	C:\Program Files\Java\javafx-sdk-17.0.7\bin\api-ms-win-core-processthreads-l1-1-1.dll
0x000001dad0800000 - 0x000001dad0803000 	C:\Program Files\Java\javafx-sdk-17.0.7\bin\api-ms-win-core-profile-l1-1-0.dll
0x000001dad0810000 - 0x000001dad0813000 	C:\Program Files\Java\javafx-sdk-17.0.7\bin\api-ms-win-core-rtlsupport-l1-1-0.dll
0x000001dad0820000 - 0x000001dad0823000 	C:\Program Files\Java\javafx-sdk-17.0.7\bin\api-ms-win-core-string-l1-1-0.dll
0x000001dad0830000 - 0x000001dad0833000 	C:\Program Files\Java\javafx-sdk-17.0.7\bin\api-ms-win-core-synch-l1-1-0.dll
0x000001dad0840000 - 0x000001dad0843000 	C:\Program Files\Java\javafx-sdk-17.0.7\bin\api-ms-win-core-synch-l1-2-0.dll
0x000001dad0850000 - 0x000001dad0853000 	C:\Program Files\Java\javafx-sdk-17.0.7\bin\api-ms-win-core-sysinfo-l1-1-0.dll
0x000001dad0860000 - 0x000001dad0863000 	C:\Program Files\Java\javafx-sdk-17.0.7\bin\api-ms-win-core-timezone-l1-1-0.dll
0x000001dad0870000 - 0x000001dad0873000 	C:\Program Files\Java\javafx-sdk-17.0.7\bin\api-ms-win-core-util-l1-1-0.dll
0x000001dad0880000 - 0x000001dad0883000 	C:\Program Files\Java\javafx-sdk-17.0.7\bin\api-ms-win-crt-conio-l1-1-0.dll
0x000001dad0890000 - 0x000001dad0894000 	C:\Program Files\Java\javafx-sdk-17.0.7\bin\api-ms-win-crt-convert-l1-1-0.dll
0x000001dad08a0000 - 0x000001dad08a3000 	C:\Program Files\Java\javafx-sdk-17.0.7\bin\api-ms-win-crt-environment-l1-1-0.dll
0x000001dad08b0000 - 0x000001dad08b3000 	C:\Program Files\Java\javafx-sdk-17.0.7\bin\api-ms-win-crt-filesystem-l1-1-0.dll
0x000001dad08c0000 - 0x000001dad08c3000 	C:\Program Files\Java\javafx-sdk-17.0.7\bin\api-ms-win-crt-heap-l1-1-0.dll
0x000001dad08d0000 - 0x000001dad08d3000 	C:\Program Files\Java\javafx-sdk-17.0.7\bin\api-ms-win-crt-locale-l1-1-0.dll
0x000001dad08e0000 - 0x000001dad08e5000 	C:\Program Files\Java\javafx-sdk-17.0.7\bin\api-ms-win-crt-math-l1-1-0.dll
0x000001dad08f0000 - 0x000001dad08f5000 	C:\Program Files\Java\javafx-sdk-17.0.7\bin\api-ms-win-crt-multibyte-l1-1-0.dll
0x000001dad0900000 - 0x000001dad0910000 	C:\Program Files\Java\javafx-sdk-17.0.7\bin\api-ms-win-crt-private-l1-1-0.dll
0x000001dad0910000 - 0x000001dad0913000 	C:\Program Files\Java\javafx-sdk-17.0.7\bin\api-ms-win-crt-process-l1-1-0.dll
0x000001dad0920000 - 0x000001dad0924000 	C:\Program Files\Java\javafx-sdk-17.0.7\bin\api-ms-win-crt-runtime-l1-1-0.dll
0x000001dad0930000 - 0x000001dad0934000 	C:\Program Files\Java\javafx-sdk-17.0.7\bin\api-ms-win-crt-stdio-l1-1-0.dll
0x000001dad0940000 - 0x000001dad0944000 	C:\Program Files\Java\javafx-sdk-17.0.7\bin\api-ms-win-crt-string-l1-1-0.dll
0x000001dad0950000 - 0x000001dad0953000 	C:\Program Files\Java\javafx-sdk-17.0.7\bin\api-ms-win-crt-time-l1-1-0.dll
0x000001dad0960000 - 0x000001dad0963000 	C:\Program Files\Java\javafx-sdk-17.0.7\bin\api-ms-win-crt-utility-l1-1-0.dll
0x00007ff844ba0000 - 0x00007ff844c9c000 	C:\Program Files\Java\javafx-sdk-17.0.7\bin\ucrtbase.dll
0x00007ff850ae0000 - 0x00007ff850afb000 	C:\Program Files\Java\javafx-sdk-17.0.7\bin\vcruntime140.dll
0x00007ff867690000 - 0x00007ff86769c000 	C:\Program Files\Java\javafx-sdk-17.0.7\bin\vcruntime140_1.dll
0x00007ff83ce30000 - 0x00007ff83cebe000 	C:\Program Files\Java\javafx-sdk-17.0.7\bin\msvcp140.dll
0x00007ff85efc0000 - 0x00007ff85efc9000 	C:\Program Files\Java\javafx-sdk-17.0.7\bin\msvcp140_1.dll
0x00007ff84f710000 - 0x00007ff84f740000 	C:\Program Files\Java\javafx-sdk-17.0.7\bin\msvcp140_2.dll
0x00007ff84eec0000 - 0x00007ff84eeea000 	C:\Program Files\Java\javafx-sdk-17.0.7\bin\prism_d3d.dll
0x00007ff834720000 - 0x00007ff8348ed000 	C:\WINDOWS\system32\d3d9.dll
0x00007ff86d330000 - 0x00007ff86d35f000 	C:\WINDOWS\SYSTEM32\dwmapi.dll
0x00007ff86d100000 - 0x00007ff86d19e000 	C:\WINDOWS\system32\uxtheme.dll
0x00007ff82f960000 - 0x00007ff82fb21000 	C:\WINDOWS\System32\DriverStore\FileRepository\ki131191.inf_amd64_d668106cb6f2eae0\igdumdim64.dll
0x00007ff863500000 - 0x00007ff86361a000 	C:\WINDOWS\System32\DriverStore\FileRepository\ki131191.inf_amd64_d668106cb6f2eae0\igdgmm64.dll
0x00007ff827160000 - 0x00007ff82a9d8000 	C:\WINDOWS\System32\DriverStore\FileRepository\ki131191.inf_amd64_d668106cb6f2eae0\igd9dxva64.dll
0x00007ff871d10000 - 0x00007ff871e3a000 	C:\WINDOWS\System32\OLE32.dll
0x00007ff871bb0000 - 0x00007ff871c7d000 	C:\WINDOWS\System32\OLEAUT32.dll
0x00007ff846e90000 - 0x00007ff846ed2000 	C:\Program Files\Java\javafx-sdk-17.0.7\bin\glass.dll
0x00007ff871280000 - 0x00007ff87135a000 	C:\WINDOWS\System32\COMDLG32.dll
0x00007ff871620000 - 0x00007ff871734000 	C:\WINDOWS\System32\MSCTF.dll
0x00007ff869280000 - 0x00007ff8692a1000 	C:\WINDOWS\System32\DriverStore\FileRepository\ki131191.inf_amd64_d668106cb6f2eae0\igdinfo64.dll
0x00007ff861530000 - 0x00007ff8634d7000 	C:\WINDOWS\System32\DriverStore\FileRepository\ki131191.inf_amd64_d668106cb6f2eae0\igc64.dll
0x00007ff86a670000 - 0x00007ff86a6ab000 	C:\WINDOWS\SYSTEM32\dxcore.dll
0x00007ff870570000 - 0x00007ff8705be000 	C:\WINDOWS\System32\cfgmgr32.dll
0x00007ff850a80000 - 0x00007ff850a94000 	C:\Program Files\Java\javafx-sdk-17.0.7\bin\javafx_font.dll
0x00007ff85e9d0000 - 0x00007ff85ec4f000 	C:\WINDOWS\SYSTEM32\dwrite.dll
0x00007ff849c10000 - 0x00007ff849c3d000 	C:\Program Files\Java\javafx-sdk-17.0.7\bin\javafx_iio.dll
0x00007ff8711d0000 - 0x00007ff871279000 	C:\WINDOWS\System32\clbcatq.dll
0x00007ff866d10000 - 0x00007ff866ec4000 	C:\WINDOWS\SYSTEM32\WindowsCodecs.dll
0x00007ff8705c0000 - 0x00007ff8705e7000 	C:\WINDOWS\System32\bcrypt.dll
0x00007ff84ee70000 - 0x00007ff84eeae000 	C:\WINDOWS\system32\dataexchange.dll
0x00007ff86b8b0000 - 0x00007ff86ba93000 	C:\WINDOWS\system32\dcomp.dll
0x00007ff86ab40000 - 0x00007ff86ada3000 	C:\WINDOWS\system32\d3d11.dll
0x00007ff86e7a0000 - 0x00007ff86e893000 	C:\WINDOWS\system32\dxgi.dll
0x00007ff8686b0000 - 0x00007ff8688b7000 	C:\WINDOWS\system32\twinapi.appcore.dll
0x00007ff8458e0000 - 0x00007ff845914000 	C:\Program Files\Common Files\Microsoft Shared\Ink\rtscom.dll
0x00007ff860b90000 - 0x00007ff860c89000 	C:\WINDOWS\SYSTEM32\textinputframework.dll
0x00007ff86b780000 - 0x00007ff86b872000 	C:\WINDOWS\System32\CoreMessaging.dll
0x00007ff86adb0000 - 0x00007ff86b10e000 	C:\WINDOWS\System32\CoreUIComponents.dll
0x00007ff86ef50000 - 0x00007ff86ef83000 	C:\WINDOWS\SYSTEM32\ntmarta.dll
0x00007ff86c730000 - 0x00007ff86c884000 	C:\WINDOWS\SYSTEM32\wintypes.dll

dbghelp: loaded successfully - version: 4.0.5 - missing functions: none
symbol engine: initialized successfully - sym options: 0x614 - pdb path: .;C:\Program Files\Java\jdk-17\bin;C:\WINDOWS\SYSTEM32;C:\WINDOWS\WinSxS\amd64_microsoft.windows.common-controls_6595b64144ccf1df_6.0.19041.1110_none_60b5254171f9507e;C:\Program Files\Java\jdk-17\bin\server;C:\Program Files\Java\javafx-sdk-17.0.7\bin;C:\WINDOWS\System32\DriverStore\FileRepository\ki131191.inf_amd64_d668106cb6f2eae0;C:\Program Files\Common Files\Microsoft Shared\Ink

VM Arguments:
jvm_args: --module-path=C:/Program Files/Java/javafx-sdk-17.0.7/lib --add-modules=javafx.controls,javafx.fxml -XX:+ShowCodeDetailsInExceptionMessages 
java_command: App
java_class_path (initial): C:\Users\HP\AppData\Roaming\Code\User\workspaceStorage\f68dcddb2ff57a9faa8c6949c061a970\redhat.java\jdt_ws\POS_d6a822b3\bin;c:\Program Files\Java\javafx-sdk-17.0.7\lib\javafx-swt.jar;c:\Program Files\Java\javafx-sdk-17.0.7\lib\javafx.swing.jar;c:\Program Files\Java\javafx-sdk-17.0.7\lib\javafx.web.jar;c:\Program Files\Java\javafx-sdk-17.0.7\lib\javafx.base.jar;d:\IJSE\JDBC\mysql-connector-java-8.0.30.jar;c:\Program Files\Java\javafx-sdk-17.0.7\lib\javafx.fxml.jar;c:\Program Files\Java\javafx-sdk-17.0.7\lib\javafx.controls.jar;c:\Program Files\Java\javafx-sdk-17.0.7\lib\jfoenix-9.0.10.jar;c:\Program Files\Java\javafx-sdk-17.0.7\lib\javafx.graphics.jar;c:\Program Files\Java\javafx-sdk-17.0.7\lib\javafx.media.jar
Launcher Type: SUN_STANDARD

[Global flags]
     intx CICompilerCount                          = 3                                         {product} {ergonomic}
     uint ConcGCThreads                            = 1                                         {product} {ergonomic}
     uint G1ConcRefinementThreads                  = 4                                         {product} {ergonomic}
   size_t G1HeapRegionSize                         = 1048576                                   {product} {ergonomic}
    uintx GCDrainStackTargetSize                   = 64                                        {product} {ergonomic}
   size_t InitialHeapSize                          = 134217728                                 {product} {ergonomic}
   size_t MarkStackSize                            = 4194304                                   {product} {ergonomic}
   size_t MaxHeapSize                              = 2126512128                                {product} {ergonomic}
   size_t MaxNewSize                               = 1275068416                                {product} {ergonomic}
   size_t MinHeapDeltaBytes                        = 1048576                                   {product} {ergonomic}
   size_t MinHeapSize                              = 8388608                                   {product} {ergonomic}
    uintx NonNMethodCodeHeapSize                   = 5832780                                {pd product} {ergonomic}
    uintx NonProfiledCodeHeapSize                  = 122912730                              {pd product} {ergonomic}
    uintx ProfiledCodeHeapSize                     = 122912730                              {pd product} {ergonomic}
    uintx ReservedCodeCacheSize                    = 251658240                              {pd product} {ergonomic}
     bool SegmentedCodeCache                       = true                                      {product} {ergonomic}
     bool ShowCodeDetailsInExceptionMessages       = true                                   {manageable} {command line}
   size_t SoftMaxHeapSize                          = 2126512128                             {manageable} {ergonomic}
     bool UseCompressedClassPointers               = true                           {product lp64_product} {ergonomic}
     bool UseCompressedOops                        = true                           {product lp64_product} {ergonomic}
     bool UseG1GC                                  = true                                      {product} {ergonomic}
     bool UseLargePagesIndividualAllocation        = false                                  {pd product} {ergonomic}

Logging:
Log output configuration:
 #0: stdout all=warning uptime,level,tags
 #1: stderr all=off uptime,level,tags

Environment Variables:
JAVA_HOME=C:\Program Files\Java\jdk-17
PATH=C:\Program Files\Common Files\Oracle\Java\javapath;C:\Program Files\Eclipse Adoptium\jdk-17.0.7.7-hotspot\bin;C:\ProgramData\Oracle\Java\javapath;C:\Program Files\MySQL\MySQL Server 8.0\bin;C:\Windows\System32;C:\Program Files\nodejs\;C:\Program Files\Maven\apache-maven-3.9.2\bin;C:\Program Files\Eclipse Adoptium\jdk-17.0.7.7-hotspot\bin;C:\Program Files\Java\jdk-17\bin;C:\Program Files\Git\cmd;C:\Program Files\dotnet\;C:\Program Files\MySQL\MySQL Shell 8.0\bin\;C:\Users\HP\AppData\Local\Programs\Python\Python310\Scripts\;C:\Users\HP\AppData\Local\Programs\Python\Python310\;c:\Program Files\Intel\WiFi\bin\;c:\Program Files\Common Files\Intel\WirelessCommon\;C:\Users\HP\AppData\Local\Microsoft\WindowsApps;C:\Users\HP\AppData\Local\Programs\Microsoft VS Code\bin;C:\Users\HP\AppData\Roaming\npm;C:\Users\HP\.dotnet\tools;C:\Users\HP\AppData\Local\GitHubDesktop\bin
USERNAME=HP
LANG=en_US.UTF-8
OS=Windows_NT
PROCESSOR_IDENTIFIER=Intel64 Family 6 Model 142 Stepping 9, GenuineIntel



---------------  S Y S T E M  ---------------

OS:
 Windows 10 , 64 bit Build 19041 (10.0.19041.3031)
OS uptime: 2 days 23:03 hours

CPU: total 4 (initial active 4) (2 cores per cpu, 2 threads per core) family 6 model 142 stepping 9 microcode 0xb4, cx8, cmov, fxsr, ht, mmx, 3dnowpref, sse, sse2, sse3, ssse3, sse4.1, sse4.2, popcnt, lzcnt, tsc, tscinvbit, avx, avx2, aes, erms, clmul, bmi1, bmi2, adx, fma, vzeroupper, clflush, clflushopt

Memory: 4k page, system-wide physical 8109M (1259M free)
TotalPageFile size 8109M (AvailPageFile size 5M)
current process WorkingSet (physical memory assigned to process): 552M, peak: 552M
current process commit charge ("private bytes"): 662M, peak: 663M

vm_info: Java HotSpot(TM) 64-Bit Server VM (17.0.7+8-LTS-224) for windows-amd64 JRE (17.0.7+8-LTS-224), built on Feb 28 2023 23:03:02 by "mach5one" with MS VC++ 17.1 (VS2022)

END.
